<?xml version="1.0" encoding="UTF-8"?>
<coverage generated="1672425169296" clover="3.2.0">
  <project timestamp="1672425169296" name="All files">
    <metrics statements="109" coveredstatements="79" conditionals="7" coveredconditionals="2" methods="33" coveredmethods="21" elements="149" coveredelements="102" complexity="0" loc="109" ncloc="109" packages="6" files="11" classes="11"/>
    <package name="envs">
      <metrics statements="2" coveredstatements="2" conditionals="0" coveredconditionals="0" methods="0" coveredmethods="0"/>
      <file name="cache.env.ts" path="/media/jmback/Backup/Dev/Growdev/Redis/projeto_final/final_back_sem_front/src/app/envs/cache.env.ts">
        <metrics statements="2" coveredstatements="2" conditionals="0" coveredconditionals="0" methods="0" coveredmethods="0"/>
        <line num="1" count="4" type="stmt"/>
        <line num="3" count="4" type="stmt"/>
      </file>
    </package>
    <package name="features.users.repositories">
      <metrics statements="29" coveredstatements="8" conditionals="3" coveredconditionals="0" methods="8" coveredmethods="1"/>
      <file name="user.repository.ts" path="/media/jmback/Backup/Dev/Growdev/Redis/projeto_final/final_back_sem_front/src/app/features/users/repositories/user.repository.ts">
        <metrics statements="29" coveredstatements="8" conditionals="3" coveredconditionals="0" methods="8" coveredmethods="1"/>
        <line num="1" count="5" type="stmt"/>
        <line num="2" count="5" type="stmt"/>
        <line num="3" count="5" type="stmt"/>
        <line num="14" count="5" type="stmt"/>
        <line num="15" count="8" type="stmt"/>
        <line num="18" count="0" type="stmt"/>
        <line num="25" count="1" type="stmt"/>
        <line num="27" count="1" type="stmt"/>
        <line num="28" count="0" type="stmt"/>
        <line num="31" count="1" type="stmt"/>
        <line num="35" count="0" type="stmt"/>
        <line num="37" count="0" type="cond" truecount="0" falsecount="1"/>
        <line num="38" count="0" type="stmt"/>
        <line num="41" count="0" type="stmt"/>
        <line num="45" count="0" type="stmt"/>
        <line num="51" count="0" type="stmt"/>
        <line num="52" count="0" type="stmt"/>
        <line num="53" count="0" type="stmt"/>
        <line num="58" count="0" type="stmt"/>
        <line num="68" count="0" type="stmt"/>
        <line num="74" count="0" type="stmt"/>
        <line num="76" count="0" type="cond" truecount="0" falsecount="1"/>
        <line num="77" count="0" type="stmt"/>
        <line num="80" count="0" type="stmt"/>
        <line num="82" count="0" type="stmt"/>
        <line num="90" count="0" type="stmt"/>
        <line num="92" count="0" type="cond" truecount="0" falsecount="1"/>
        <line num="93" count="0" type="stmt"/>
        <line num="96" count="0" type="stmt"/>
      </file>
    </package>
    <package name="features.users.usecases">
      <metrics statements="38" coveredstatements="36" conditionals="3" coveredconditionals="1" methods="11" coveredmethods="10"/>
      <file name="create-user.usecase.ts" path="/media/jmback/Backup/Dev/Growdev/Redis/projeto_final/final_back_sem_front/src/app/features/users/usecases/create-user.usecase.ts">
        <metrics statements="8" coveredstatements="8" conditionals="0" coveredconditionals="0" methods="2" coveredmethods="2"/>
        <line num="1" count="1" type="stmt"/>
        <line num="10" count="1" type="stmt"/>
        <line num="12" count="1" type="stmt"/>
        <line num="13" count="1" type="stmt"/>
        <line num="16" count="1" type="stmt"/>
        <line num="21" count="1" type="stmt"/>
        <line num="23" count="1" type="stmt"/>
        <line num="25" count="1" type="stmt"/>
      </file>
      <file name="delete-user.usecase.ts" path="/media/jmback/Backup/Dev/Growdev/Redis/projeto_final/final_back_sem_front/src/app/features/users/usecases/delete-user.usecase.ts">
        <metrics statements="4" coveredstatements="4" conditionals="0" coveredconditionals="0" methods="2" coveredmethods="2"/>
        <line num="7" count="1" type="stmt"/>
        <line num="9" count="1" type="stmt"/>
        <line num="12" count="1" type="stmt"/>
        <line num="14" count="1" type="stmt"/>
      </file>
      <file name="get-user.usecase.ts" path="/media/jmback/Backup/Dev/Growdev/Redis/projeto_final/final_back_sem_front/src/app/features/users/usecases/get-user.usecase.ts">
        <metrics statements="12" coveredstatements="11" conditionals="2" coveredconditionals="1" methods="2" coveredmethods="2"/>
        <line num="8" count="1" type="stmt"/>
        <line num="10" count="2" type="stmt"/>
        <line num="11" count="2" type="stmt"/>
        <line num="14" count="2" type="stmt"/>
        <line num="16" count="2" type="cond" truecount="0" falsecount="1"/>
        <line num="17" count="0" type="stmt"/>
        <line num="20" count="2" type="stmt"/>
        <line num="22" count="2" type="cond" truecount="1" falsecount="0"/>
        <line num="23" count="1" type="stmt"/>
        <line num="26" count="1" type="stmt"/>
        <line num="28" count="1" type="stmt"/>
        <line num="30" count="1" type="stmt"/>
      </file>
      <file name="list-user.usecase.ts" path="/media/jmback/Backup/Dev/Growdev/Redis/projeto_final/final_back_sem_front/src/app/features/users/usecases/list-user.usecase.ts">
        <metrics statements="9" coveredstatements="8" conditionals="1" coveredconditionals="0" methods="3" coveredmethods="2"/>
        <line num="4" count="1" type="stmt"/>
        <line num="6" count="1" type="stmt"/>
        <line num="7" count="1" type="stmt"/>
        <line num="10" count="1" type="stmt"/>
        <line num="12" count="1" type="cond" truecount="0" falsecount="1"/>
        <line num="13" count="0" type="stmt"/>
        <line num="16" count="1" type="stmt"/>
        <line num="17" count="1" type="stmt"/>
        <line num="19" count="1" type="stmt"/>
      </file>
      <file name="login-user.usecase.ts" path="/media/jmback/Backup/Dev/Growdev/Redis/projeto_final/final_back_sem_front/src/app/features/users/usecases/login-user.usecase.ts">
        <metrics statements="5" coveredstatements="5" conditionals="0" coveredconditionals="0" methods="2" coveredmethods="2"/>
        <line num="4" count="1" type="stmt"/>
        <line num="6" count="3" type="stmt"/>
        <line num="10" count="3" type="stmt"/>
        <line num="11" count="2" type="stmt"/>
        <line num="13" count="2" type="stmt"/>
      </file>
    </package>
    <package name="models">
      <metrics statements="14" coveredstatements="9" conditionals="0" coveredconditionals="0" methods="8" coveredmethods="5"/>
      <file name="user.models.ts" path="/media/jmback/Backup/Dev/Growdev/Redis/projeto_final/final_back_sem_front/src/app/models/user.models.ts">
        <metrics statements="14" coveredstatements="9" conditionals="0" coveredconditionals="0" methods="8" coveredmethods="5"/>
        <line num="1" count="5" type="stmt"/>
        <line num="3" count="5" type="stmt"/>
        <line num="7" count="4" type="stmt"/>
        <line num="8" count="4" type="stmt"/>
        <line num="10" count="4" type="stmt"/>
        <line num="14" count="2" type="stmt"/>
        <line num="18" count="2" type="stmt"/>
        <line num="22" count="0" type="stmt"/>
        <line num="26" count="2" type="stmt"/>
        <line num="30" count="0" type="stmt"/>
        <line num="34" count="2" type="stmt"/>
        <line num="42" count="0" type="stmt"/>
        <line num="43" count="0" type="stmt"/>
        <line num="45" count="0" type="stmt"/>
      </file>
    </package>
    <package name="shared.entities">
      <metrics statements="17" coveredstatements="17" conditionals="0" coveredconditionals="0" methods="3" coveredmethods="3"/>
      <file name="note.entity.ts" path="/media/jmback/Backup/Dev/Growdev/Redis/projeto_final/final_back_sem_front/src/app/shared/entities/note.entity.ts">
        <metrics statements="10" coveredstatements="10" conditionals="0" coveredconditionals="0" methods="1" coveredmethods="1"/>
        <line num="1" count="5" type="stmt"/>
        <line num="2" count="5" type="stmt"/>
        <line num="5" count="5" type="stmt"/>
        <line num="7" count="5" type="stmt"/>
        <line num="10" count="5" type="stmt"/>
        <line num="13" count="5" type="stmt"/>
        <line num="16" count="5" type="stmt"/>
        <line num="17" count="5" type="stmt"/>
        <line num="19" count="5" type="stmt"/>
        <line num="24" count="5" type="stmt"/>
      </file>
      <file name="user.entity.ts" path="/media/jmback/Backup/Dev/Growdev/Redis/projeto_final/final_back_sem_front/src/app/shared/entities/user.entity.ts">
        <metrics statements="7" coveredstatements="7" conditionals="0" coveredconditionals="0" methods="2" coveredmethods="2"/>
        <line num="1" count="5" type="stmt"/>
        <line num="2" count="5" type="stmt"/>
        <line num="5" count="5" type="stmt"/>
        <line num="7" count="5" type="stmt"/>
        <line num="10" count="5" type="stmt"/>
        <line num="13" count="5" type="stmt"/>
        <line num="16" count="5" type="stmt"/>
      </file>
    </package>
    <package name="shared.repositories">
      <metrics statements="9" coveredstatements="7" conditionals="1" coveredconditionals="1" methods="3" coveredmethods="2"/>
      <file name="cache.repository.ts" path="/media/jmback/Backup/Dev/Growdev/Redis/projeto_final/final_back_sem_front/src/app/shared/repositories/cache.repository.ts">
        <metrics statements="9" coveredstatements="7" conditionals="1" coveredconditionals="1" methods="3" coveredmethods="2"/>
        <line num="1" count="3" type="stmt"/>
        <line num="3" count="3" type="stmt"/>
        <line num="4" count="4" type="stmt"/>
        <line num="7" count="2" type="stmt"/>
        <line num="8" count="2" type="cond" truecount="1" falsecount="0"/>
        <line num="9" count="2" type="stmt"/>
        <line num="12" count="0" type="stmt"/>
        <line num="16" count="1" type="stmt"/>
        <line num="20" count="0" type="stmt"/>
      </file>
    </package>
  </project>
</coverage>
