{"/media/jmback/Backup/Dev/Growdev/Redis/projeto_final/final_back_sem_front/src/app/envs/cache.env.ts": {"path":"/media/jmback/Backup/Dev/Growdev/Redis/projeto_final/final_back_sem_front/src/app/envs/cache.env.ts","statementMap":{"0":{"start":{"line":1,"column":0},"end":{"line":1,"column":23}},"1":{"start":{"line":3,"column":13},"end":{"line":8,"column":2}}},"fnMap":{},"branchMap":{},"s":{"0":12,"1":12},"f":{},"b":{}}
,"/media/jmback/Backup/Dev/Growdev/Redis/projeto_final/final_back_sem_front/src/app/features/notes/controllers/note.controller.ts": {"path":"/media/jmback/Backup/Dev/Growdev/Redis/projeto_final/final_back_sem_front/src/app/features/notes/controllers/note.controller.ts","statementMap":{"0":{"start":{"line":2,"column":0},"end":{"line":2,"column":80}},"1":{"start":{"line":3,"column":0},"end":{"line":3,"column":89}},"2":{"start":{"line":4,"column":0},"end":{"line":4,"column":86}},"3":{"start":{"line":5,"column":0},"end":{"line":5,"column":74}},"4":{"start":{"line":6,"column":0},"end":{"line":6,"column":65}},"5":{"start":{"line":7,"column":0},"end":{"line":7,"column":68}},"6":{"start":{"line":8,"column":0},"end":{"line":8,"column":72}},"7":{"start":{"line":9,"column":0},"end":{"line":9,"column":73}},"8":{"start":{"line":10,"column":0},"end":{"line":10,"column":65}},"9":{"start":{"line":11,"column":0},"end":{"line":11,"column":68}},"10":{"start":{"line":17,"column":4},"end":{"line":44,"column":null}},"11":{"start":{"line":19,"column":23},"end":{"line":19,"column":33}},"12":{"start":{"line":20,"column":45},"end":{"line":20,"column":53}},"13":{"start":{"line":22,"column":22},"end":{"line":24,"column":null}},"14":{"start":{"line":27,"column":21},"end":{"line":32,"column":8}},"15":{"start":{"line":34,"column":6},"end":{"line":36,"column":null}},"16":{"start":{"line":35,"column":8},"end":{"line":35,"column":null}},"17":{"start":{"line":38,"column":6},"end":{"line":38,"column":null}},"18":{"start":{"line":40,"column":6},"end":{"line":40,"column":null}},"19":{"start":{"line":43,"column":6},"end":{"line":43,"column":null}},"20":{"start":{"line":50,"column":4},"end":{"line":77,"column":null}},"21":{"start":{"line":52,"column":32},"end":{"line":52,"column":42}},"22":{"start":{"line":53,"column":45},"end":{"line":53,"column":53}},"23":{"start":{"line":55,"column":23},"end":{"line":58,"column":null}},"24":{"start":{"line":61,"column":21},"end":{"line":67,"column":8}},"25":{"start":{"line":69,"column":6},"end":{"line":71,"column":null}},"26":{"start":{"line":70,"column":8},"end":{"line":70,"column":null}},"27":{"start":{"line":73,"column":6},"end":{"line":73,"column":null}},"28":{"start":{"line":76,"column":6},"end":{"line":76,"column":null}},"29":{"start":{"line":83,"column":4},"end":{"line":96,"column":null}},"30":{"start":{"line":85,"column":22},"end":{"line":87,"column":null}},"31":{"start":{"line":90,"column":21},"end":{"line":90,"column":44}},"32":{"start":{"line":92,"column":6},"end":{"line":92,"column":null}},"33":{"start":{"line":95,"column":6},"end":{"line":95,"column":null}},"34":{"start":{"line":102,"column":4},"end":{"line":121,"column":null}},"35":{"start":{"line":104,"column":23},"end":{"line":104,"column":33}},"36":{"start":{"line":105,"column":22},"end":{"line":108,"column":null}},"37":{"start":{"line":111,"column":21},"end":{"line":111,"column":50}},"38":{"start":{"line":113,"column":6},"end":{"line":115,"column":null}},"39":{"start":{"line":114,"column":8},"end":{"line":114,"column":null}},"40":{"start":{"line":117,"column":6},"end":{"line":117,"column":57}},"41":{"start":{"line":120,"column":6},"end":{"line":120,"column":null}},"42":{"start":{"line":127,"column":4},"end":{"line":147,"column":null}},"43":{"start":{"line":129,"column":32},"end":{"line":129,"column":42}},"44":{"start":{"line":130,"column":22},"end":{"line":131,"column":null}},"45":{"start":{"line":134,"column":21},"end":{"line":134,"column":59}},"46":{"start":{"line":136,"column":6},"end":{"line":141,"column":null}},"47":{"start":{"line":137,"column":8},"end":{"line":140,"column":null}},"48":{"start":{"line":143,"column":6},"end":{"line":143,"column":null}},"49":{"start":{"line":146,"column":6},"end":{"line":146,"column":null}},"50":{"start":{"line":13,"column":0},"end":{"line":13,"column":13}}},"fnMap":{"0":{"name":"(anonymous_0)","decl":{"start":{"line":15,"column":9},"end":{"line":15,"column":14}},"loc":{"start":{"line":15,"column":49},"end":{"line":46,"column":3}}},"1":{"name":"(anonymous_1)","decl":{"start":{"line":48,"column":9},"end":{"line":48,"column":14}},"loc":{"start":{"line":48,"column":53},"end":{"line":79,"column":3}}},"2":{"name":"(anonymous_2)","decl":{"start":{"line":81,"column":9},"end":{"line":81,"column":14}},"loc":{"start":{"line":81,"column":47},"end":{"line":98,"column":3}}},"3":{"name":"(anonymous_3)","decl":{"start":{"line":100,"column":9},"end":{"line":100,"column":14}},"loc":{"start":{"line":100,"column":46},"end":{"line":123,"column":3}}},"4":{"name":"(anonymous_4)","decl":{"start":{"line":125,"column":9},"end":{"line":125,"column":14}},"loc":{"start":{"line":125,"column":59},"end":{"line":149,"column":3}}}},"branchMap":{"0":{"loc":{"start":{"line":34,"column":6},"end":{"line":36,"column":null}},"type":"if","locations":[{"start":{"line":34,"column":6},"end":{"line":36,"column":null}}]},"1":{"loc":{"start":{"line":69,"column":6},"end":{"line":71,"column":null}},"type":"if","locations":[{"start":{"line":69,"column":6},"end":{"line":71,"column":null}}]},"2":{"loc":{"start":{"line":113,"column":6},"end":{"line":115,"column":null}},"type":"if","locations":[{"start":{"line":113,"column":6},"end":{"line":115,"column":null}}]},"3":{"loc":{"start":{"line":136,"column":6},"end":{"line":141,"column":null}},"type":"if","locations":[{"start":{"line":136,"column":6},"end":{"line":141,"column":null}}]}},"s":{"0":1,"1":1,"2":1,"3":1,"4":1,"5":1,"6":1,"7":1,"8":1,"9":1,"10":0,"11":0,"12":0,"13":0,"14":0,"15":0,"16":0,"17":0,"18":0,"19":0,"20":0,"21":0,"22":0,"23":0,"24":0,"25":0,"26":0,"27":0,"28":0,"29":0,"30":0,"31":0,"32":0,"33":0,"34":0,"35":0,"36":0,"37":0,"38":0,"39":0,"40":0,"41":0,"42":0,"43":0,"44":0,"45":0,"46":0,"47":0,"48":0,"49":0,"50":1},"f":{"0":0,"1":0,"2":0,"3":0,"4":0},"b":{"0":[0],"1":[0],"2":[0],"3":[0]}}
,"/media/jmback/Backup/Dev/Growdev/Redis/projeto_final/final_back_sem_front/src/app/features/notes/repositories/note.repository.ts": {"path":"/media/jmback/Backup/Dev/Growdev/Redis/projeto_final/final_back_sem_front/src/app/features/notes/repositories/note.repository.ts","statementMap":{"0":{"start":{"line":1,"column":0},"end":{"line":1,"column":82}},"1":{"start":{"line":2,"column":0},"end":{"line":2,"column":57}},"2":{"start":{"line":3,"column":0},"end":{"line":3,"column":56}},"3":{"start":{"line":4,"column":0},"end":{"line":4,"column":66}},"4":{"start":{"line":6,"column":0},"end":{"line":6,"column":74}},"5":{"start":{"line":16,"column":24},"end":{"line":16,"column":79}},"6":{"start":{"line":19,"column":17},"end":{"line":19,"column":101}},"7":{"start":{"line":21,"column":4},"end":{"line":27,"column":null}},"8":{"start":{"line":31,"column":18},"end":{"line":35,"column":6}},"9":{"start":{"line":37,"column":19},"end":{"line":39,"column":6}},"10":{"start":{"line":38,"column":6},"end":{"line":38,"column":null}},"11":{"start":{"line":41,"column":4},"end":{"line":41,"column":18}},"12":{"start":{"line":46,"column":19},"end":{"line":46,"column":48}},"13":{"start":{"line":48,"column":18},"end":{"line":50,"column":6}},"14":{"start":{"line":49,"column":6},"end":{"line":49,"column":null}},"15":{"start":{"line":52,"column":4},"end":{"line":52,"column":17}},"16":{"start":{"line":56,"column":19},"end":{"line":56,"column":57}},"17":{"start":{"line":58,"column":4},"end":{"line":60,"column":null}},"18":{"start":{"line":59,"column":6},"end":{"line":59,"column":null}},"19":{"start":{"line":62,"column":4},"end":{"line":62,"column":41}},"20":{"start":{"line":66,"column":27},"end":{"line":66,"column":47}},"21":{"start":{"line":67,"column":17},"end":{"line":67,"column":55}},"22":{"start":{"line":68,"column":4},"end":{"line":68,"column":null}},"23":{"start":{"line":70,"column":4},"end":{"line":72,"column":null}},"24":{"start":{"line":71,"column":6},"end":{"line":71,"column":41}},"25":{"start":{"line":74,"column":23},"end":{"line":80,"column":6}},"26":{"start":{"line":82,"column":4},"end":{"line":82,"column":44}},"27":{"start":{"line":84,"column":23},"end":{"line":86,"column":6}},"28":{"start":{"line":88,"column":4},"end":{"line":88,"column":46}},"29":{"start":{"line":93,"column":4},"end":{"line":93,"column":50}},"30":{"start":{"line":98,"column":23},"end":{"line":106,"column":null}},"31":{"start":{"line":109,"column":4},"end":{"line":109,"column":22}},"32":{"start":{"line":15,"column":0},"end":{"line":15,"column":13}}},"fnMap":{"0":{"name":"(anonymous_0)","decl":{"start":{"line":18,"column":10},"end":{"line":18,"column":26}},"loc":{"start":{"line":18,"column":49},"end":{"line":28,"column":3}}},"1":{"name":"(anonymous_1)","decl":{"start":{"line":30,"column":9},"end":{"line":30,"column":14}},"loc":{"start":{"line":30,"column":43},"end":{"line":42,"column":3}}},"2":{"name":"(anonymous_2)","decl":{"start":{"line":37,"column":29},"end":{"line":37,"column":33}},"loc":{"start":{"line":37,"column":36},"end":{"line":39,"column":5}}},"3":{"name":"(anonymous_3)","decl":{"start":{"line":45,"column":9},"end":{"line":45,"column":14}},"loc":{"start":{"line":45,"column":19},"end":{"line":53,"column":3}}},"4":{"name":"(anonymous_4)","decl":{"start":{"line":48,"column":29},"end":{"line":48,"column":33}},"loc":{"start":{"line":48,"column":36},"end":{"line":50,"column":5}}},"5":{"name":"(anonymous_5)","decl":{"start":{"line":55,"column":9},"end":{"line":55,"column":14}},"loc":{"start":{"line":55,"column":29},"end":{"line":63,"column":3}}},"6":{"name":"(anonymous_6)","decl":{"start":{"line":65,"column":9},"end":{"line":65,"column":14}},"loc":{"start":{"line":65,"column":38},"end":{"line":89,"column":3}}},"7":{"name":"(anonymous_7)","decl":{"start":{"line":91,"column":9},"end":{"line":91,"column":14}},"loc":{"start":{"line":91,"column":37},"end":{"line":95,"column":3}}},"8":{"name":"(anonymous_8)","decl":{"start":{"line":97,"column":9},"end":{"line":97,"column":14}},"loc":{"start":{"line":97,"column":43},"end":{"line":111,"column":3}}}},"branchMap":{"0":{"loc":{"start":{"line":58,"column":4},"end":{"line":60,"column":null}},"type":"if","locations":[{"start":{"line":58,"column":4},"end":{"line":60,"column":null}}]},"1":{"loc":{"start":{"line":70,"column":4},"end":{"line":72,"column":null}},"type":"if","locations":[{"start":{"line":70,"column":4},"end":{"line":72,"column":null}}]}},"s":{"0":7,"1":7,"2":7,"3":7,"4":7,"5":10,"6":0,"7":0,"8":1,"9":1,"10":0,"11":1,"12":0,"13":0,"14":0,"15":0,"16":0,"17":0,"18":0,"19":0,"20":0,"21":0,"22":0,"23":0,"24":0,"25":0,"26":0,"27":0,"28":0,"29":0,"30":0,"31":0,"32":7},"f":{"0":0,"1":1,"2":0,"3":0,"4":0,"5":0,"6":0,"7":0,"8":0},"b":{"0":[0],"1":[0]}}
,"/media/jmback/Backup/Dev/Growdev/Redis/projeto_final/final_back_sem_front/src/app/features/notes/routes/notes.route.ts": {"path":"/media/jmback/Backup/Dev/Growdev/Redis/projeto_final/final_back_sem_front/src/app/features/notes/routes/notes.route.ts","statementMap":{"0":{"start":{"line":1,"column":0},"end":{"line":1,"column":32}},"1":{"start":{"line":2,"column":0},"end":{"line":2,"column":65}},"2":{"start":{"line":3,"column":0},"end":{"line":3,"column":74}},"3":{"start":{"line":5,"column":26},"end":{"line":17,"column":1}},"4":{"start":{"line":7,"column":17},"end":{"line":7,"column":25}},"5":{"start":{"line":9,"column":2},"end":{"line":9,"column":46}},"6":{"start":{"line":10,"column":2},"end":{"line":10,"column":78}},"7":{"start":{"line":11,"column":2},"end":{"line":11,"column":52}},"8":{"start":{"line":12,"column":2},"end":{"line":12,"column":68}},"9":{"start":{"line":13,"column":2},"end":{"line":13,"column":77}},"10":{"start":{"line":15,"column":2},"end":{"line":15,"column":16}},"11":{"start":{"line":5,"column":13},"end":{"line":5,"column":26}}},"fnMap":{"0":{"name":"(anonymous_0)","decl":{"start":{"line":5,"column":26},"end":{"line":5,"column":29}},"loc":{"start":{"line":5,"column":31},"end":{"line":17,"column":1}}}},"branchMap":{},"s":{"0":1,"1":1,"2":1,"3":1,"4":8,"5":8,"6":8,"7":8,"8":8,"9":8,"10":8,"11":1},"f":{"0":8},"b":{}}
,"/media/jmback/Backup/Dev/Growdev/Redis/projeto_final/final_back_sem_front/src/app/features/notes/usecases/create-note.usecase.ts": {"path":"/media/jmback/Backup/Dev/Growdev/Redis/projeto_final/final_back_sem_front/src/app/features/notes/usecases/create-note.usecase.ts","statementMap":{"0":{"start":{"line":1,"column":0},"end":{"line":1,"column":57}},"1":{"start":{"line":15,"column":12},"end":{"line":15,"column":38}},"2":{"start":{"line":16,"column":12},"end":{"line":16,"column":42}},"3":{"start":{"line":19,"column":17},"end":{"line":19,"column":55}},"4":{"start":{"line":21,"column":4},"end":{"line":23,"column":null}},"5":{"start":{"line":22,"column":6},"end":{"line":22,"column":18}},"6":{"start":{"line":25,"column":23},"end":{"line":29,"column":null}},"7":{"start":{"line":31,"column":4},"end":{"line":31,"column":null}},"8":{"start":{"line":32,"column":20},"end":{"line":32,"column":64}},"9":{"start":{"line":34,"column":4},"end":{"line":34,"column":30}},"10":{"start":{"line":13,"column":0},"end":{"line":13,"column":13}}},"fnMap":{"0":{"name":"(anonymous_0)","decl":{"start":{"line":14,"column":2},"end":{"line":14,"column":null}},"loc":{"start":{"line":16,"column":42},"end":{"line":16,"column":46}}},"1":{"name":"(anonymous_1)","decl":{"start":{"line":18,"column":9},"end":{"line":18,"column":14}},"loc":{"start":{"line":18,"column":42},"end":{"line":35,"column":3}}}},"branchMap":{"0":{"loc":{"start":{"line":21,"column":4},"end":{"line":23,"column":null}},"type":"if","locations":[{"start":{"line":21,"column":4},"end":{"line":23,"column":null}}]}},"s":{"0":2,"1":1,"2":1,"3":1,"4":1,"5":0,"6":1,"7":1,"8":1,"9":1,"10":2},"f":{"0":1,"1":1},"b":{"0":[0]}}
,"/media/jmback/Backup/Dev/Growdev/Redis/projeto_final/final_back_sem_front/src/app/features/notes/usecases/delete-note-user.usecase.ts": {"path":"/media/jmback/Backup/Dev/Growdev/Redis/projeto_final/final_back_sem_front/src/app/features/notes/usecases/delete-note-user.usecase.ts","statementMap":{"0":{"start":{"line":7,"column":12},"end":{"line":7,"column":42}},"1":{"start":{"line":12,"column":27},"end":{"line":12,"column":65}},"2":{"start":{"line":14,"column":4},"end":{"line":16,"column":null}},"3":{"start":{"line":15,"column":6},"end":{"line":15,"column":null}},"4":{"start":{"line":18,"column":4},"end":{"line":20,"column":null}},"5":{"start":{"line":19,"column":6},"end":{"line":19,"column":null}},"6":{"start":{"line":22,"column":4},"end":{"line":22,"column":null}},"7":{"start":{"line":5,"column":0},"end":{"line":5,"column":13}}},"fnMap":{"0":{"name":"(anonymous_0)","decl":{"start":{"line":6,"column":2},"end":{"line":6,"column":null}},"loc":{"start":{"line":7,"column":42},"end":{"line":8,"column":6}}},"1":{"name":"(anonymous_1)","decl":{"start":{"line":10,"column":9},"end":{"line":10,"column":14}},"loc":{"start":{"line":10,"column":54},"end":{"line":24,"column":3}}}},"branchMap":{"0":{"loc":{"start":{"line":14,"column":4},"end":{"line":16,"column":null}},"type":"if","locations":[{"start":{"line":14,"column":4},"end":{"line":16,"column":null}}]},"1":{"loc":{"start":{"line":18,"column":4},"end":{"line":20,"column":null}},"type":"if","locations":[{"start":{"line":18,"column":4},"end":{"line":20,"column":null}}]}},"s":{"0":1,"1":1,"2":1,"3":1,"4":0,"5":0,"6":0,"7":2},"f":{"0":1,"1":1},"b":{"0":[1],"1":[0]}}
,"/media/jmback/Backup/Dev/Growdev/Redis/projeto_final/final_back_sem_front/src/app/features/notes/usecases/list-note-user.usecase.ts": {"path":"/media/jmback/Backup/Dev/Growdev/Redis/projeto_final/final_back_sem_front/src/app/features/notes/usecases/list-note-user.usecase.ts","statementMap":{"0":{"start":{"line":7,"column":12},"end":{"line":7,"column":42}},"1":{"start":{"line":8,"column":12},"end":{"line":8,"column":42}},"2":{"start":{"line":9,"column":12},"end":{"line":9,"column":54}},"3":{"start":{"line":13,"column":17},"end":{"line":13,"column":68}},"4":{"start":{"line":15,"column":4},"end":{"line":17,"column":null}},"5":{"start":{"line":16,"column":6},"end":{"line":16,"column":18}},"6":{"start":{"line":19,"column":18},"end":{"line":19,"column":65}},"7":{"start":{"line":21,"column":4},"end":{"line":23,"column":null}},"8":{"start":{"line":22,"column":6},"end":{"line":22,"column":null}},"9":{"start":{"line":25,"column":4},"end":{"line":25,"column":46}},"10":{"start":{"line":25,"column":29},"end":{"line":25,"column":44}},"11":{"start":{"line":5,"column":0},"end":{"line":5,"column":13}}},"fnMap":{"0":{"name":"(anonymous_0)","decl":{"start":{"line":6,"column":2},"end":{"line":6,"column":null}},"loc":{"start":{"line":9,"column":54},"end":{"line":10,"column":6}}},"1":{"name":"(anonymous_1)","decl":{"start":{"line":12,"column":9},"end":{"line":12,"column":14}},"loc":{"start":{"line":12,"column":37},"end":{"line":26,"column":3}}},"2":{"name":"(anonymous_2)","decl":{"start":{"line":25,"column":21},"end":{"line":25,"column":25}},"loc":{"start":{"line":25,"column":29},"end":{"line":25,"column":44}}}},"branchMap":{"0":{"loc":{"start":{"line":15,"column":4},"end":{"line":17,"column":null}},"type":"if","locations":[{"start":{"line":15,"column":4},"end":{"line":17,"column":null}}]},"1":{"loc":{"start":{"line":21,"column":4},"end":{"line":23,"column":null}},"type":"if","locations":[{"start":{"line":21,"column":4},"end":{"line":23,"column":null}}]}},"s":{"0":4,"1":4,"2":4,"3":4,"4":4,"5":2,"6":2,"7":2,"8":0,"9":2,"10":2,"11":2},"f":{"0":4,"1":4,"2":2},"b":{"0":[2],"1":[0]}}
,"/media/jmback/Backup/Dev/Growdev/Redis/projeto_final/final_back_sem_front/src/app/features/notes/usecases/list-note.usecase.ts": {"path":"/media/jmback/Backup/Dev/Growdev/Redis/projeto_final/final_back_sem_front/src/app/features/notes/usecases/list-note.usecase.ts","statementMap":{"0":{"start":{"line":6,"column":12},"end":{"line":6,"column":38}},"1":{"start":{"line":7,"column":12},"end":{"line":7,"column":44}},"2":{"start":{"line":11,"column":24},"end":{"line":11,"column":57}},"3":{"start":{"line":13,"column":4},"end":{"line":15,"column":null}},"4":{"start":{"line":14,"column":6},"end":{"line":14,"column":25}},"5":{"start":{"line":17,"column":19},"end":{"line":17,"column":47}},"6":{"start":{"line":18,"column":23},"end":{"line":18,"column":58}},"7":{"start":{"line":18,"column":42},"end":{"line":18,"column":57}},"8":{"start":{"line":20,"column":4},"end":{"line":20,"column":56}},"9":{"start":{"line":22,"column":4},"end":{"line":22,"column":22}},"10":{"start":{"line":4,"column":0},"end":{"line":4,"column":13}}},"fnMap":{"0":{"name":"(anonymous_0)","decl":{"start":{"line":5,"column":2},"end":{"line":5,"column":null}},"loc":{"start":{"line":7,"column":44},"end":{"line":8,"column":6}}},"1":{"name":"(anonymous_1)","decl":{"start":{"line":10,"column":9},"end":{"line":10,"column":14}},"loc":{"start":{"line":10,"column":22},"end":{"line":24,"column":3}}},"2":{"name":"(anonymous_2)","decl":{"start":{"line":18,"column":34},"end":{"line":18,"column":38}},"loc":{"start":{"line":18,"column":42},"end":{"line":18,"column":57}}}},"branchMap":{"0":{"loc":{"start":{"line":13,"column":4},"end":{"line":15,"column":null}},"type":"if","locations":[{"start":{"line":13,"column":4},"end":{"line":15,"column":null}}]}},"s":{"0":1,"1":1,"2":1,"3":1,"4":1,"5":0,"6":0,"7":0,"8":0,"9":0,"10":2},"f":{"0":1,"1":1,"2":0},"b":{"0":[1]}}
,"/media/jmback/Backup/Dev/Growdev/Redis/projeto_final/final_back_sem_front/src/app/features/notes/usecases/update-note.usecase.ts": {"path":"/media/jmback/Backup/Dev/Growdev/Redis/projeto_final/final_back_sem_front/src/app/features/notes/usecases/update-note.usecase.ts","statementMap":{"0":{"start":{"line":15,"column":12},"end":{"line":15,"column":42}},"1":{"start":{"line":16,"column":12},"end":{"line":16,"column":44}},"2":{"start":{"line":17,"column":12},"end":{"line":17,"column":48}},"3":{"start":{"line":21,"column":17},"end":{"line":21,"column":60}},"4":{"start":{"line":23,"column":4},"end":{"line":25,"column":null}},"5":{"start":{"line":24,"column":6},"end":{"line":24,"column":18}},"6":{"start":{"line":27,"column":4},"end":{"line":29,"column":null}},"7":{"start":{"line":28,"column":6},"end":{"line":28,"column":null}},"8":{"start":{"line":31,"column":4},"end":{"line":31,"column":28}},"9":{"start":{"line":32,"column":4},"end":{"line":32,"column":40}},"10":{"start":{"line":33,"column":4},"end":{"line":33,"column":34}},"11":{"start":{"line":35,"column":19},"end":{"line":35,"column":59}},"12":{"start":{"line":37,"column":4},"end":{"line":37,"column":62}},"13":{"start":{"line":38,"column":4},"end":{"line":38,"column":62}},"14":{"start":{"line":40,"column":4},"end":{"line":40,"column":18}},"15":{"start":{"line":13,"column":0},"end":{"line":13,"column":13}}},"fnMap":{"0":{"name":"(anonymous_0)","decl":{"start":{"line":14,"column":2},"end":{"line":14,"column":null}},"loc":{"start":{"line":17,"column":48},"end":{"line":18,"column":6}}},"1":{"name":"(anonymous_1)","decl":{"start":{"line":20,"column":9},"end":{"line":20,"column":14}},"loc":{"start":{"line":20,"column":42},"end":{"line":41,"column":3}}}},"branchMap":{"0":{"loc":{"start":{"line":23,"column":4},"end":{"line":25,"column":null}},"type":"if","locations":[{"start":{"line":23,"column":4},"end":{"line":25,"column":null}}]},"1":{"loc":{"start":{"line":27,"column":4},"end":{"line":29,"column":null}},"type":"if","locations":[{"start":{"line":27,"column":4},"end":{"line":29,"column":null}}]}},"s":{"0":1,"1":1,"2":1,"3":0,"4":0,"5":0,"6":0,"7":0,"8":0,"9":0,"10":0,"11":0,"12":0,"13":0,"14":0,"15":2},"f":{"0":1,"1":0},"b":{"0":[0],"1":[0]}}
,"/media/jmback/Backup/Dev/Growdev/Redis/projeto_final/final_back_sem_front/src/app/features/notes/validators/create-note.validator.ts": {"path":"/media/jmback/Backup/Dev/Growdev/Redis/projeto_final/final_back_sem_front/src/app/features/notes/validators/create-note.validator.ts","statementMap":{"0":{"start":{"line":3,"column":35},"end":{"line":23,"column":1}},"1":{"start":{"line":5,"column":31},"end":{"line":5,"column":39}},"2":{"start":{"line":7,"column":2},"end":{"line":12,"column":null}},"3":{"start":{"line":8,"column":4},"end":{"line":11,"column":null}},"4":{"start":{"line":14,"column":2},"end":{"line":19,"column":null}},"5":{"start":{"line":15,"column":4},"end":{"line":18,"column":null}},"6":{"start":{"line":21,"column":2},"end":{"line":21,"column":9}},"7":{"start":{"line":3,"column":13},"end":{"line":3,"column":35}}},"fnMap":{"0":{"name":"(anonymous_0)","decl":{"start":{"line":3,"column":35},"end":{"line":3,"column":36}},"loc":{"start":{"line":3,"column":87},"end":{"line":23,"column":1}}}},"branchMap":{"0":{"loc":{"start":{"line":7,"column":2},"end":{"line":12,"column":null}},"type":"if","locations":[{"start":{"line":7,"column":2},"end":{"line":12,"column":null}}]},"1":{"loc":{"start":{"line":14,"column":2},"end":{"line":19,"column":null}},"type":"if","locations":[{"start":{"line":14,"column":2},"end":{"line":19,"column":null}}]}},"s":{"0":1,"1":0,"2":0,"3":0,"4":0,"5":0,"6":0,"7":1},"f":{"0":0},"b":{"0":[0],"1":[0]}}
,"/media/jmback/Backup/Dev/Growdev/Redis/projeto_final/final_back_sem_front/src/app/features/users/controllers/user.controller.ts": {"path":"/media/jmback/Backup/Dev/Growdev/Redis/projeto_final/final_back_sem_front/src/app/features/users/controllers/user.controller.ts","statementMap":{"0":{"start":{"line":2,"column":0},"end":{"line":2,"column":80}},"1":{"start":{"line":3,"column":0},"end":{"line":3,"column":76}},"2":{"start":{"line":4,"column":0},"end":{"line":4,"column":65}},"3":{"start":{"line":5,"column":0},"end":{"line":5,"column":68}},"4":{"start":{"line":6,"column":0},"end":{"line":6,"column":68}},"5":{"start":{"line":7,"column":0},"end":{"line":7,"column":62}},"6":{"start":{"line":8,"column":0},"end":{"line":8,"column":65}},"7":{"start":{"line":9,"column":0},"end":{"line":9,"column":66}},"8":{"start":{"line":10,"column":0},"end":{"line":10,"column":69}},"9":{"start":{"line":14,"column":4},"end":{"line":30,"column":null}},"10":{"start":{"line":15,"column":32},"end":{"line":15,"column":40}},"11":{"start":{"line":16,"column":22},"end":{"line":18,"column":null}},"12":{"start":{"line":21,"column":22},"end":{"line":24,"column":8}},"13":{"start":{"line":26,"column":6},"end":{"line":26,"column":null}},"14":{"start":{"line":29,"column":6},"end":{"line":29,"column":37}},"15":{"start":{"line":34,"column":4},"end":{"line":46,"column":null}},"16":{"start":{"line":35,"column":22},"end":{"line":37,"column":null}},"17":{"start":{"line":40,"column":21},"end":{"line":40,"column":44}},"18":{"start":{"line":42,"column":6},"end":{"line":42,"column":64}},"19":{"start":{"line":45,"column":8},"end":{"line":45,"column":39}},"20":{"start":{"line":50,"column":4},"end":{"line":63,"column":null}},"21":{"start":{"line":51,"column":23},"end":{"line":51,"column":33}},"22":{"start":{"line":52,"column":22},"end":{"line":54,"column":null}},"23":{"start":{"line":57,"column":21},"end":{"line":57,"column":50}},"24":{"start":{"line":59,"column":6},"end":{"line":59,"column":57}},"25":{"start":{"line":62,"column":6},"end":{"line":62,"column":null}},"26":{"start":{"line":67,"column":4},"end":{"line":92,"column":null}},"27":{"start":{"line":68,"column":23},"end":{"line":68,"column":33}},"28":{"start":{"line":69,"column":32},"end":{"line":69,"column":40}},"29":{"start":{"line":70,"column":22},"end":{"line":72,"column":null}},"30":{"start":{"line":75,"column":21},"end":{"line":79,"column":8}},"31":{"start":{"line":81,"column":6},"end":{"line":86,"column":null}},"32":{"start":{"line":82,"column":8},"end":{"line":85,"column":null}},"33":{"start":{"line":88,"column":6},"end":{"line":88,"column":64}},"34":{"start":{"line":91,"column":6},"end":{"line":91,"column":null}},"35":{"start":{"line":96,"column":4},"end":{"line":107,"column":null}},"36":{"start":{"line":97,"column":23},"end":{"line":97,"column":33}},"37":{"start":{"line":98,"column":25},"end":{"line":98,"column":45}},"38":{"start":{"line":99,"column":22},"end":{"line":99,"column":55}},"39":{"start":{"line":101,"column":21},"end":{"line":101,"column":50}},"40":{"start":{"line":103,"column":6},"end":{"line":103,"column":67}},"41":{"start":{"line":106,"column":6},"end":{"line":106,"column":null}},"42":{"start":{"line":112,"column":4},"end":{"line":137,"column":null}},"43":{"start":{"line":114,"column":32},"end":{"line":114,"column":40}},"44":{"start":{"line":115,"column":22},"end":{"line":116,"column":null}},"45":{"start":{"line":119,"column":21},"end":{"line":119,"column":59}},"46":{"start":{"line":121,"column":6},"end":{"line":126,"column":null}},"47":{"start":{"line":122,"column":8},"end":{"line":125,"column":null}},"48":{"start":{"line":128,"column":6},"end":{"line":128,"column":53}},"49":{"start":{"line":132,"column":6},"end":{"line":135,"column":null}},"50":{"start":{"line":12,"column":0},"end":{"line":12,"column":13}}},"fnMap":{"0":{"name":"(anonymous_0)","decl":{"start":{"line":13,"column":9},"end":{"line":13,"column":14}},"loc":{"start":{"line":13,"column":49},"end":{"line":31,"column":3}}},"1":{"name":"(anonymous_1)","decl":{"start":{"line":33,"column":9},"end":{"line":33,"column":14}},"loc":{"start":{"line":33,"column":47},"end":{"line":47,"column":3}}},"2":{"name":"(anonymous_2)","decl":{"start":{"line":49,"column":9},"end":{"line":49,"column":14}},"loc":{"start":{"line":49,"column":46},"end":{"line":64,"column":3}}},"3":{"name":"(anonymous_3)","decl":{"start":{"line":66,"column":9},"end":{"line":66,"column":14}},"loc":{"start":{"line":66,"column":49},"end":{"line":93,"column":3}}},"4":{"name":"(anonymous_4)","decl":{"start":{"line":95,"column":9},"end":{"line":95,"column":14}},"loc":{"start":{"line":95,"column":49},"end":{"line":108,"column":3}}},"5":{"name":"(anonymous_5)","decl":{"start":{"line":110,"column":9},"end":{"line":110,"column":14}},"loc":{"start":{"line":110,"column":48},"end":{"line":139,"column":3}}}},"branchMap":{"0":{"loc":{"start":{"line":81,"column":6},"end":{"line":86,"column":null}},"type":"if","locations":[{"start":{"line":81,"column":6},"end":{"line":86,"column":null}}]},"1":{"loc":{"start":{"line":121,"column":6},"end":{"line":126,"column":null}},"type":"if","locations":[{"start":{"line":121,"column":6},"end":{"line":126,"column":null}}]}},"s":{"0":1,"1":1,"2":1,"3":1,"4":1,"5":1,"6":1,"7":1,"8":1,"9":2,"10":2,"11":2,"12":2,"13":1,"14":1,"15":1,"16":1,"17":1,"18":1,"19":0,"20":0,"21":0,"22":0,"23":0,"24":0,"25":0,"26":1,"27":1,"28":1,"29":1,"30":1,"31":1,"32":0,"33":1,"34":0,"35":1,"36":1,"37":1,"38":1,"39":1,"40":1,"41":0,"42":0,"43":0,"44":0,"45":0,"46":0,"47":0,"48":0,"49":0,"50":1},"f":{"0":2,"1":1,"2":0,"3":1,"4":1,"5":0},"b":{"0":[0],"1":[0]}}
,"/media/jmback/Backup/Dev/Growdev/Redis/projeto_final/final_back_sem_front/src/app/features/users/repositories/user.repository.ts": {"path":"/media/jmback/Backup/Dev/Growdev/Redis/projeto_final/final_back_sem_front/src/app/features/users/repositories/user.repository.ts","statementMap":{"0":{"start":{"line":1,"column":0},"end":{"line":1,"column":82}},"1":{"start":{"line":2,"column":0},"end":{"line":2,"column":56}},"2":{"start":{"line":3,"column":0},"end":{"line":3,"column":66}},"3":{"start":{"line":14,"column":24},"end":{"line":14,"column":79}},"4":{"start":{"line":17,"column":4},"end":{"line":20,"column":null}},"5":{"start":{"line":24,"column":19},"end":{"line":24,"column":48}},"6":{"start":{"line":26,"column":18},"end":{"line":28,"column":6}},"7":{"start":{"line":27,"column":6},"end":{"line":27,"column":41}},"8":{"start":{"line":30,"column":4},"end":{"line":30,"column":17}},"9":{"start":{"line":34,"column":19},"end":{"line":34,"column":65}},"10":{"start":{"line":36,"column":4},"end":{"line":38,"column":null}},"11":{"start":{"line":37,"column":6},"end":{"line":37,"column":null}},"12":{"start":{"line":40,"column":4},"end":{"line":40,"column":null}},"13":{"start":{"line":44,"column":19},"end":{"line":46,"column":6}},"14":{"start":{"line":48,"column":4},"end":{"line":48,"column":18}},"15":{"start":{"line":52,"column":23},"end":{"line":56,"column":6}},"16":{"start":{"line":58,"column":19},"end":{"line":58,"column":58}},"17":{"start":{"line":59,"column":4},"end":{"line":59,"column":null}},"18":{"start":{"line":60,"column":4},"end":{"line":60,"column":41}},"19":{"start":{"line":65,"column":19},"end":{"line":72,"column":null}},"20":{"start":{"line":75,"column":4},"end":{"line":75,"column":32}},"21":{"start":{"line":81,"column":4},"end":{"line":81,"column":null}},"22":{"start":{"line":86,"column":19},"end":{"line":86,"column":70}},"23":{"start":{"line":88,"column":4},"end":{"line":90,"column":null}},"24":{"start":{"line":89,"column":6},"end":{"line":89,"column":18}},"25":{"start":{"line":92,"column":4},"end":{"line":92,"column":41}},"26":{"start":{"line":13,"column":0},"end":{"line":13,"column":13}}},"fnMap":{"0":{"name":"(anonymous_0)","decl":{"start":{"line":16,"column":10},"end":{"line":16,"column":26}},"loc":{"start":{"line":16,"column":49},"end":{"line":21,"column":3}}},"1":{"name":"(anonymous_1)","decl":{"start":{"line":23,"column":9},"end":{"line":23,"column":14}},"loc":{"start":{"line":23,"column":19},"end":{"line":31,"column":3}}},"2":{"name":"(anonymous_2)","decl":{"start":{"line":26,"column":29},"end":{"line":26,"column":33}},"loc":{"start":{"line":26,"column":36},"end":{"line":28,"column":5}}},"3":{"name":"(anonymous_3)","decl":{"start":{"line":33,"column":9},"end":{"line":33,"column":14}},"loc":{"start":{"line":33,"column":29},"end":{"line":41,"column":3}}},"4":{"name":"(anonymous_4)","decl":{"start":{"line":43,"column":9},"end":{"line":43,"column":14}},"loc":{"start":{"line":43,"column":40},"end":{"line":49,"column":3}}},"5":{"name":"(anonymous_5)","decl":{"start":{"line":51,"column":9},"end":{"line":51,"column":14}},"loc":{"start":{"line":51,"column":37},"end":{"line":62,"column":3}}},"6":{"name":"(anonymous_6)","decl":{"start":{"line":64,"column":9},"end":{"line":64,"column":14}},"loc":{"start":{"line":64,"column":41},"end":{"line":77,"column":3}}},"7":{"name":"(anonymous_7)","decl":{"start":{"line":79,"column":9},"end":{"line":79,"column":14}},"loc":{"start":{"line":79,"column":32},"end":{"line":83,"column":3}}},"8":{"name":"(anonymous_8)","decl":{"start":{"line":85,"column":9},"end":{"line":85,"column":14}},"loc":{"start":{"line":85,"column":52},"end":{"line":93,"column":3}}}},"branchMap":{"0":{"loc":{"start":{"line":36,"column":4},"end":{"line":38,"column":null}},"type":"if","locations":[{"start":{"line":36,"column":4},"end":{"line":38,"column":null}}]},"1":{"loc":{"start":{"line":75,"column":11},"end":{"line":75,"column":31}},"type":"binary-expr","locations":[{"start":{"line":75,"column":11},"end":{"line":75,"column":26}},{"start":{"line":75,"column":30},"end":{"line":75,"column":31}}]},"2":{"loc":{"start":{"line":88,"column":4},"end":{"line":90,"column":null}},"type":"if","locations":[{"start":{"line":88,"column":4},"end":{"line":90,"column":null}}]}},"s":{"0":12,"1":12,"2":12,"3":21,"4":2,"5":2,"6":2,"7":2,"8":2,"9":0,"10":0,"11":0,"12":0,"13":1,"14":1,"15":0,"16":0,"17":0,"18":0,"19":0,"20":0,"21":1,"22":0,"23":0,"24":0,"25":0,"26":12},"f":{"0":2,"1":2,"2":2,"3":0,"4":1,"5":0,"6":0,"7":1,"8":0},"b":{"0":[0],"1":[0,0],"2":[0]}}
,"/media/jmback/Backup/Dev/Growdev/Redis/projeto_final/final_back_sem_front/src/app/features/users/routes/user.routes.ts": {"path":"/media/jmback/Backup/Dev/Growdev/Redis/projeto_final/final_back_sem_front/src/app/features/users/routes/user.routes.ts","statementMap":{"0":{"start":{"line":1,"column":0},"end":{"line":1,"column":33}},"1":{"start":{"line":2,"column":0},"end":{"line":2,"column":86}},"2":{"start":{"line":3,"column":0},"end":{"line":3,"column":64}},"3":{"start":{"line":4,"column":0},"end":{"line":4,"column":74}},"4":{"start":{"line":6,"column":26},"end":{"line":19,"column":1}},"5":{"start":{"line":8,"column":17},"end":{"line":8,"column":25}},"6":{"start":{"line":10,"column":2},"end":{"line":10,"column":45}},"7":{"start":{"line":11,"column":2},"end":{"line":11,"column":52}},"8":{"start":{"line":12,"column":2},"end":{"line":12,"column":68}},"9":{"start":{"line":13,"column":2},"end":{"line":13,"column":71}},"10":{"start":{"line":14,"column":2},"end":{"line":14,"column":74}},"11":{"start":{"line":15,"column":2},"end":{"line":15,"column":71}},"12":{"start":{"line":17,"column":2},"end":{"line":17,"column":16}},"13":{"start":{"line":6,"column":13},"end":{"line":6,"column":26}}},"fnMap":{"0":{"name":"(anonymous_0)","decl":{"start":{"line":6,"column":26},"end":{"line":6,"column":29}},"loc":{"start":{"line":6,"column":31},"end":{"line":19,"column":1}}}},"branchMap":{},"s":{"0":1,"1":1,"2":1,"3":1,"4":1,"5":8,"6":8,"7":8,"8":8,"9":8,"10":8,"11":8,"12":8,"13":1},"f":{"0":8},"b":{}}
,"/media/jmback/Backup/Dev/Growdev/Redis/projeto_final/final_back_sem_front/src/app/features/users/usecases/create-user.usecase.ts": {"path":"/media/jmback/Backup/Dev/Growdev/Redis/projeto_final/final_back_sem_front/src/app/features/users/usecases/create-user.usecase.ts","statementMap":{"0":{"start":{"line":1,"column":0},"end":{"line":1,"column":56}},"1":{"start":{"line":12,"column":12},"end":{"line":12,"column":38}},"2":{"start":{"line":13,"column":12},"end":{"line":13,"column":44}},"3":{"start":{"line":16,"column":17},"end":{"line":18,"column":null}},"4":{"start":{"line":21,"column":23},"end":{"line":21,"column":68}},"5":{"start":{"line":23,"column":4},"end":{"line":25,"column":null}},"6":{"start":{"line":24,"column":6},"end":{"line":24,"column":null}},"7":{"start":{"line":27,"column":19},"end":{"line":27,"column":53}},"8":{"start":{"line":29,"column":4},"end":{"line":29,"column":47}},"9":{"start":{"line":31,"column":4},"end":{"line":31,"column":27}},"10":{"start":{"line":10,"column":0},"end":{"line":10,"column":13}}},"fnMap":{"0":{"name":"(anonymous_0)","decl":{"start":{"line":11,"column":2},"end":{"line":11,"column":null}},"loc":{"start":{"line":13,"column":44},"end":{"line":13,"column":48}}},"1":{"name":"(anonymous_1)","decl":{"start":{"line":15,"column":9},"end":{"line":15,"column":14}},"loc":{"start":{"line":15,"column":42},"end":{"line":33,"column":3}}}},"branchMap":{"0":{"loc":{"start":{"line":23,"column":4},"end":{"line":25,"column":null}},"type":"if","locations":[{"start":{"line":23,"column":4},"end":{"line":25,"column":null}}]}},"s":{"0":2,"1":4,"2":4,"3":2,"4":2,"5":2,"6":1,"7":1,"8":1,"9":1,"10":2},"f":{"0":4,"1":2},"b":{"0":[1]}}
,"/media/jmback/Backup/Dev/Growdev/Redis/projeto_final/final_back_sem_front/src/app/features/users/usecases/delete-user.usecase.ts": {"path":"/media/jmback/Backup/Dev/Growdev/Redis/projeto_final/final_back_sem_front/src/app/features/users/usecases/delete-user.usecase.ts","statementMap":{"0":{"start":{"line":1,"column":0},"end":{"line":1,"column":89}},"1":{"start":{"line":2,"column":0},"end":{"line":2,"column":74}},"2":{"start":{"line":7,"column":12},"end":{"line":7,"column":39}},"3":{"start":{"line":10,"column":27},"end":{"line":10,"column":53}},"4":{"start":{"line":11,"column":17},"end":{"line":11,"column":53}},"5":{"start":{"line":13,"column":4},"end":{"line":15,"column":null}},"6":{"start":{"line":14,"column":6},"end":{"line":14,"column":null}},"7":{"start":{"line":18,"column":23},"end":{"line":18,"column":43}},"8":{"start":{"line":19,"column":25},"end":{"line":19,"column":59}},"9":{"start":{"line":21,"column":4},"end":{"line":23,"column":null}},"10":{"start":{"line":22,"column":6},"end":{"line":22,"column":null}},"11":{"start":{"line":26,"column":4},"end":{"line":26,"column":null}},"12":{"start":{"line":5,"column":0},"end":{"line":5,"column":13}}},"fnMap":{"0":{"name":"(anonymous_0)","decl":{"start":{"line":6,"column":2},"end":{"line":6,"column":null}},"loc":{"start":{"line":7,"column":39},"end":{"line":7,"column":44}}},"1":{"name":"(anonymous_1)","decl":{"start":{"line":9,"column":9},"end":{"line":9,"column":14}},"loc":{"start":{"line":9,"column":33},"end":{"line":28,"column":3}}}},"branchMap":{"0":{"loc":{"start":{"line":13,"column":4},"end":{"line":15,"column":null}},"type":"if","locations":[{"start":{"line":13,"column":4},"end":{"line":15,"column":null}}]},"1":{"loc":{"start":{"line":21,"column":4},"end":{"line":23,"column":null}},"type":"if","locations":[{"start":{"line":21,"column":4},"end":{"line":23,"column":null}}]}},"s":{"0":2,"1":2,"2":3,"3":3,"4":3,"5":3,"6":1,"7":2,"8":2,"9":2,"10":1,"11":1,"12":2},"f":{"0":3,"1":3},"b":{"0":[1],"1":[1]}}
,"/media/jmback/Backup/Dev/Growdev/Redis/projeto_final/final_back_sem_front/src/app/features/users/usecases/get-user.usecase.ts": {"path":"/media/jmback/Backup/Dev/Growdev/Redis/projeto_final/final_back_sem_front/src/app/features/users/usecases/get-user.usecase.ts","statementMap":{"0":{"start":{"line":10,"column":12},"end":{"line":10,"column":38}},"1":{"start":{"line":11,"column":12},"end":{"line":11,"column":44}},"2":{"start":{"line":14,"column":23},"end":{"line":14,"column":68}},"3":{"start":{"line":16,"column":4},"end":{"line":18,"column":null}},"4":{"start":{"line":17,"column":6},"end":{"line":17,"column":24}},"5":{"start":{"line":20,"column":17},"end":{"line":20,"column":46}},"6":{"start":{"line":22,"column":4},"end":{"line":24,"column":null}},"7":{"start":{"line":23,"column":6},"end":{"line":23,"column":18}},"8":{"start":{"line":26,"column":21},"end":{"line":26,"column":34}},"9":{"start":{"line":28,"column":4},"end":{"line":28,"column":60}},"10":{"start":{"line":30,"column":4},"end":{"line":30,"column":20}},"11":{"start":{"line":8,"column":0},"end":{"line":8,"column":13}}},"fnMap":{"0":{"name":"(anonymous_0)","decl":{"start":{"line":9,"column":2},"end":{"line":9,"column":null}},"loc":{"start":{"line":11,"column":44},"end":{"line":11,"column":48}}},"1":{"name":"(anonymous_1)","decl":{"start":{"line":13,"column":9},"end":{"line":13,"column":14}},"loc":{"start":{"line":13,"column":33},"end":{"line":31,"column":3}}}},"branchMap":{"0":{"loc":{"start":{"line":16,"column":4},"end":{"line":18,"column":null}},"type":"if","locations":[{"start":{"line":16,"column":4},"end":{"line":18,"column":null}}]},"1":{"loc":{"start":{"line":22,"column":4},"end":{"line":24,"column":null}},"type":"if","locations":[{"start":{"line":22,"column":4},"end":{"line":24,"column":null}}]}},"s":{"0":2,"1":2,"2":2,"3":2,"4":0,"5":2,"6":2,"7":1,"8":1,"9":1,"10":1,"11":2},"f":{"0":2,"1":2},"b":{"0":[0],"1":[1]}}
,"/media/jmback/Backup/Dev/Growdev/Redis/projeto_final/final_back_sem_front/src/app/features/users/usecases/list-user.usecase.ts": {"path":"/media/jmback/Backup/Dev/Growdev/Redis/projeto_final/final_back_sem_front/src/app/features/users/usecases/list-user.usecase.ts","statementMap":{"0":{"start":{"line":6,"column":12},"end":{"line":6,"column":38}},"1":{"start":{"line":7,"column":12},"end":{"line":7,"column":44}},"2":{"start":{"line":10,"column":23},"end":{"line":10,"column":62}},"3":{"start":{"line":12,"column":4},"end":{"line":14,"column":null}},"4":{"start":{"line":13,"column":6},"end":{"line":13,"column":24}},"5":{"start":{"line":16,"column":19},"end":{"line":16,"column":47}},"6":{"start":{"line":17,"column":23},"end":{"line":17,"column":56}},"7":{"start":{"line":17,"column":42},"end":{"line":17,"column":55}},"8":{"start":{"line":19,"column":4},"end":{"line":19,"column":22}},"9":{"start":{"line":4,"column":0},"end":{"line":4,"column":13}}},"fnMap":{"0":{"name":"(anonymous_0)","decl":{"start":{"line":5,"column":2},"end":{"line":5,"column":null}},"loc":{"start":{"line":7,"column":44},"end":{"line":7,"column":48}}},"1":{"name":"(anonymous_1)","decl":{"start":{"line":9,"column":9},"end":{"line":9,"column":14}},"loc":{"start":{"line":9,"column":22},"end":{"line":20,"column":3}}},"2":{"name":"(anonymous_2)","decl":{"start":{"line":17,"column":34},"end":{"line":17,"column":38}},"loc":{"start":{"line":17,"column":42},"end":{"line":17,"column":55}}}},"branchMap":{"0":{"loc":{"start":{"line":12,"column":4},"end":{"line":14,"column":null}},"type":"if","locations":[{"start":{"line":12,"column":4},"end":{"line":14,"column":null}}]}},"s":{"0":2,"1":2,"2":2,"3":2,"4":0,"5":2,"6":2,"7":2,"8":2,"9":2},"f":{"0":2,"1":2,"2":2},"b":{"0":[0]}}
,"/media/jmback/Backup/Dev/Growdev/Redis/projeto_final/final_back_sem_front/src/app/features/users/usecases/login-user.usecase.ts": {"path":"/media/jmback/Backup/Dev/Growdev/Redis/projeto_final/final_back_sem_front/src/app/features/users/usecases/login-user.usecase.ts","statementMap":{"0":{"start":{"line":6,"column":12},"end":{"line":6,"column":38}},"1":{"start":{"line":10,"column":19},"end":{"line":10,"column":63}},"2":{"start":{"line":11,"column":4},"end":{"line":11,"column":24}},"3":{"start":{"line":13,"column":4},"end":{"line":13,"column":18}},"4":{"start":{"line":4,"column":0},"end":{"line":4,"column":13}}},"fnMap":{"0":{"name":"(anonymous_0)","decl":{"start":{"line":5,"column":2},"end":{"line":5,"column":null}},"loc":{"start":{"line":6,"column":38},"end":{"line":6,"column":42}}},"1":{"name":"(anonymous_1)","decl":{"start":{"line":8,"column":9},"end":{"line":8,"column":14}},"loc":{"start":{"line":8,"column":54},"end":{"line":14,"column":3}}}},"branchMap":{},"s":{"0":3,"1":3,"2":2,"3":2,"4":2},"f":{"0":3,"1":3},"b":{}}
,"/media/jmback/Backup/Dev/Growdev/Redis/projeto_final/final_back_sem_front/src/app/features/users/usecases/upadate-user.usecase.ts": {"path":"/media/jmback/Backup/Dev/Growdev/Redis/projeto_final/final_back_sem_front/src/app/features/users/usecases/upadate-user.usecase.ts","statementMap":{"0":{"start":{"line":12,"column":12},"end":{"line":12,"column":38}},"1":{"start":{"line":13,"column":12},"end":{"line":13,"column":44}},"2":{"start":{"line":16,"column":17},"end":{"line":16,"column":51}},"3":{"start":{"line":18,"column":4},"end":{"line":20,"column":null}},"4":{"start":{"line":19,"column":6},"end":{"line":19,"column":null}},"5":{"start":{"line":22,"column":4},"end":{"line":22,"column":42}},"6":{"start":{"line":23,"column":4},"end":{"line":23,"column":51}},"7":{"start":{"line":25,"column":19},"end":{"line":25,"column":53}},"8":{"start":{"line":27,"column":4},"end":{"line":27,"column":18}},"9":{"start":{"line":10,"column":0},"end":{"line":10,"column":13}}},"fnMap":{"0":{"name":"(anonymous_0)","decl":{"start":{"line":11,"column":2},"end":{"line":11,"column":null}},"loc":{"start":{"line":13,"column":44},"end":{"line":13,"column":47}}},"1":{"name":"(anonymous_1)","decl":{"start":{"line":15,"column":9},"end":{"line":15,"column":14}},"loc":{"start":{"line":15,"column":42},"end":{"line":28,"column":3}}}},"branchMap":{"0":{"loc":{"start":{"line":18,"column":4},"end":{"line":20,"column":null}},"type":"if","locations":[{"start":{"line":18,"column":4},"end":{"line":20,"column":null}}]},"1":{"loc":{"start":{"line":22,"column":17},"end":{"line":22,"column":41}},"type":"binary-expr","locations":[{"start":{"line":22,"column":17},"end":{"line":22,"column":27}},{"start":{"line":22,"column":31},"end":{"line":22,"column":41}}]},"2":{"loc":{"start":{"line":23,"column":20},"end":{"line":23,"column":50}},"type":"binary-expr","locations":[{"start":{"line":23,"column":20},"end":{"line":23,"column":33}},{"start":{"line":23,"column":37},"end":{"line":23,"column":50}}]}},"s":{"0":2,"1":2,"2":2,"3":2,"4":0,"5":2,"6":2,"7":2,"8":2,"9":2},"f":{"0":2,"1":2},"b":{"0":[0],"1":[2,0],"2":[2,1]}}
,"/media/jmback/Backup/Dev/Growdev/Redis/projeto_final/final_back_sem_front/src/app/features/users/validators/create-user.validator.ts": {"path":"/media/jmback/Backup/Dev/Growdev/Redis/projeto_final/final_back_sem_front/src/app/features/users/validators/create-user.validator.ts","statementMap":{"0":{"start":{"line":3,"column":35},"end":{"line":23,"column":1}},"1":{"start":{"line":5,"column":28},"end":{"line":5,"column":36}},"2":{"start":{"line":7,"column":2},"end":{"line":12,"column":null}},"3":{"start":{"line":8,"column":4},"end":{"line":11,"column":null}},"4":{"start":{"line":14,"column":2},"end":{"line":19,"column":null}},"5":{"start":{"line":15,"column":4},"end":{"line":18,"column":null}},"6":{"start":{"line":21,"column":2},"end":{"line":21,"column":9}},"7":{"start":{"line":3,"column":13},"end":{"line":3,"column":35}}},"fnMap":{"0":{"name":"(anonymous_0)","decl":{"start":{"line":3,"column":35},"end":{"line":3,"column":36}},"loc":{"start":{"line":3,"column":87},"end":{"line":23,"column":1}}}},"branchMap":{"0":{"loc":{"start":{"line":7,"column":2},"end":{"line":12,"column":null}},"type":"if","locations":[{"start":{"line":7,"column":2},"end":{"line":12,"column":null}}]},"1":{"loc":{"start":{"line":14,"column":2},"end":{"line":19,"column":null}},"type":"if","locations":[{"start":{"line":14,"column":2},"end":{"line":19,"column":null}}]}},"s":{"0":1,"1":4,"2":4,"3":2,"4":2,"5":0,"6":2,"7":1},"f":{"0":4},"b":{"0":[2],"1":[0]}}
,"/media/jmback/Backup/Dev/Growdev/Redis/projeto_final/final_back_sem_front/src/app/models/note.models.ts": {"path":"/media/jmback/Backup/Dev/Growdev/Redis/projeto_final/final_back_sem_front/src/app/models/note.models.ts","statementMap":{"0":{"start":{"line":1,"column":0},"end":{"line":1,"column":37}},"1":{"start":{"line":9,"column":16},"end":{"line":9,"column":30}},"2":{"start":{"line":10,"column":16},"end":{"line":10,"column":36}},"3":{"start":{"line":11,"column":16},"end":{"line":11,"column":37}},"4":{"start":{"line":12,"column":16},"end":{"line":12,"column":32}},"5":{"start":{"line":14,"column":8},"end":{"line":14,"column":29}},"6":{"start":{"line":18,"column":8},"end":{"line":18,"column":30}},"7":{"start":{"line":22,"column":8},"end":{"line":22,"column":34}},"8":{"start":{"line":26,"column":8},"end":{"line":26,"column":24}},"9":{"start":{"line":30,"column":8},"end":{"line":30,"column":26}},"10":{"start":{"line":34,"column":8},"end":{"line":34,"column":27}},"11":{"start":{"line":38,"column":8},"end":{"line":38,"column":28}},"12":{"start":{"line":42,"column":8},"end":{"line":42,"column":33}},"13":{"start":{"line":46,"column":8},"end":{"line":46,"column":40}},"14":{"start":{"line":50,"column":8},"end":{"line":56,"column":null}},"15":{"start":{"line":66,"column":20},"end":{"line":66,"column":70}},"16":{"start":{"line":67,"column":7},"end":{"line":67,"column":21}},"17":{"start":{"line":69,"column":7},"end":{"line":69,"column":19}},"18":{"start":{"line":4,"column":0},"end":{"line":4,"column":13}}},"fnMap":{"0":{"name":"(anonymous_0)","decl":{"start":{"line":8,"column":4},"end":{"line":8,"column":null}},"loc":{"start":{"line":12,"column":32},"end":{"line":15,"column":5}}},"1":{"name":"(anonymous_1)","decl":{"start":{"line":17,"column":4},"end":{"line":17,"column":15}},"loc":{"start":{"line":17,"column":23},"end":{"line":19,"column":5}}},"2":{"name":"(anonymous_2)","decl":{"start":{"line":21,"column":4},"end":{"line":21,"column":15}},"loc":{"start":{"line":21,"column":41},"end":{"line":23,"column":5}}},"3":{"name":"(anonymous_3)","decl":{"start":{"line":25,"column":4},"end":{"line":25,"column":15}},"loc":{"start":{"line":25,"column":22},"end":{"line":27,"column":5}}},"4":{"name":"(anonymous_4)","decl":{"start":{"line":29,"column":4},"end":{"line":29,"column":15}},"loc":{"start":{"line":29,"column":19},"end":{"line":31,"column":5}}},"5":{"name":"(anonymous_5)","decl":{"start":{"line":33,"column":4},"end":{"line":33,"column":15}},"loc":{"start":{"line":33,"column":20},"end":{"line":35,"column":5}}},"6":{"name":"(anonymous_6)","decl":{"start":{"line":37,"column":4},"end":{"line":37,"column":15}},"loc":{"start":{"line":37,"column":34},"end":{"line":39,"column":5}}},"7":{"name":"(anonymous_7)","decl":{"start":{"line":41,"column":4},"end":{"line":41,"column":15}},"loc":{"start":{"line":41,"column":26},"end":{"line":43,"column":5}}},"8":{"name":"(anonymous_8)","decl":{"start":{"line":45,"column":4},"end":{"line":45,"column":15}},"loc":{"start":{"line":45,"column":46},"end":{"line":47,"column":5}}},"9":{"name":"(anonymous_9)","decl":{"start":{"line":49,"column":11},"end":{"line":49,"column":19}},"loc":{"start":{"line":49,"column":19},"end":{"line":57,"column":5}}},"10":{"name":"(anonymous_10)","decl":{"start":{"line":59,"column":11},"end":{"line":59,"column":17}},"loc":{"start":{"line":64,"column":23},"end":{"line":70,"column":5}}}},"branchMap":{"0":{"loc":{"start":{"line":11,"column":16},"end":{"line":11,"column":42}},"type":"default-arg","locations":[{"start":{"line":11,"column":37},"end":{"line":11,"column":42}}]}},"s":{"0":7,"1":6,"2":6,"3":6,"4":6,"5":6,"6":0,"7":0,"8":1,"9":5,"10":0,"11":0,"12":0,"13":0,"14":4,"15":0,"16":0,"17":0,"18":7},"f":{"0":6,"1":0,"2":0,"3":1,"4":5,"5":0,"6":0,"7":0,"8":0,"9":4,"10":0},"b":{"0":[0]}}
,"/media/jmback/Backup/Dev/Growdev/Redis/projeto_final/final_back_sem_front/src/app/models/user.models.ts": {"path":"/media/jmback/Backup/Dev/Growdev/Redis/projeto_final/final_back_sem_front/src/app/models/user.models.ts","statementMap":{"0":{"start":{"line":1,"column":0},"end":{"line":1,"column":36}},"1":{"start":{"line":7,"column":16},"end":{"line":7,"column":30}},"2":{"start":{"line":8,"column":16},"end":{"line":8,"column":33}},"3":{"start":{"line":10,"column":8},"end":{"line":10,"column":28}},"4":{"start":{"line":14,"column":8},"end":{"line":14,"column":24}},"5":{"start":{"line":18,"column":8},"end":{"line":18,"column":27}},"6":{"start":{"line":22,"column":8},"end":{"line":22,"column":28}},"7":{"start":{"line":26,"column":8},"end":{"line":26,"column":30}},"8":{"start":{"line":30,"column":8},"end":{"line":30,"column":34}},"9":{"start":{"line":34,"column":8},"end":{"line":38,"column":null}},"10":{"start":{"line":42,"column":21},"end":{"line":42,"column":51}},"11":{"start":{"line":43,"column":8},"end":{"line":43,"column":null}},"12":{"start":{"line":45,"column":8},"end":{"line":45,"column":20}},"13":{"start":{"line":3,"column":0},"end":{"line":3,"column":13}}},"fnMap":{"0":{"name":"(anonymous_0)","decl":{"start":{"line":6,"column":4},"end":{"line":6,"column":null}},"loc":{"start":{"line":8,"column":33},"end":{"line":11,"column":5}}},"1":{"name":"(anonymous_1)","decl":{"start":{"line":13,"column":4},"end":{"line":13,"column":15}},"loc":{"start":{"line":13,"column":17},"end":{"line":15,"column":5}}},"2":{"name":"(anonymous_2)","decl":{"start":{"line":17,"column":4},"end":{"line":17,"column":15}},"loc":{"start":{"line":17,"column":20},"end":{"line":19,"column":5}}},"3":{"name":"(anonymous_3)","decl":{"start":{"line":21,"column":4},"end":{"line":21,"column":15}},"loc":{"start":{"line":21,"column":34},"end":{"line":23,"column":5}}},"4":{"name":"(anonymous_4)","decl":{"start":{"line":25,"column":4},"end":{"line":25,"column":15}},"loc":{"start":{"line":25,"column":23},"end":{"line":27,"column":5}}},"5":{"name":"(anonymous_5)","decl":{"start":{"line":29,"column":4},"end":{"line":29,"column":15}},"loc":{"start":{"line":29,"column":40},"end":{"line":31,"column":5}}},"6":{"name":"(anonymous_6)","decl":{"start":{"line":33,"column":11},"end":{"line":33,"column":17}},"loc":{"start":{"line":33,"column":17},"end":{"line":39,"column":5}}},"7":{"name":"(anonymous_7)","decl":{"start":{"line":41,"column":11},"end":{"line":41,"column":17}},"loc":{"start":{"line":41,"column":68},"end":{"line":46,"column":5}}}},"branchMap":{},"s":{"0":12,"1":16,"2":16,"3":16,"4":10,"5":2,"6":3,"7":3,"8":3,"9":5,"10":2,"11":2,"12":2,"13":12},"f":{"0":16,"1":10,"2":2,"3":3,"4":3,"5":3,"6":5,"7":2},"b":{}}
,"/media/jmback/Backup/Dev/Growdev/Redis/projeto_final/final_back_sem_front/src/app/shared/entities/note.entity.ts": {"path":"/media/jmback/Backup/Dev/Growdev/Redis/projeto_final/final_back_sem_front/src/app/shared/entities/note.entity.ts","statementMap":{"0":{"start":{"line":1,"column":0},"end":{"line":1,"column":79}},"1":{"start":{"line":2,"column":0},"end":{"line":2,"column":43}},"2":{"start":{"line":5,"column":7},"end":{"line":31,"column":null}},"3":{"start":{"line":17,"column":22},"end":{"line":17,"column":27}},"4":{"start":{"line":7,"column":2},"end":{"line":8,"column":null}},"5":{"start":{"line":10,"column":2},"end":{"line":11,"column":null}},"6":{"start":{"line":13,"column":2},"end":{"line":14,"column":null}},"7":{"start":{"line":16,"column":2},"end":{"line":17,"column":null}},"8":{"start":{"line":19,"column":2},"end":{"line":22,"column":null}},"9":{"start":{"line":24,"column":2},"end":{"line":29,"column":null}},"10":{"start":{"line":24,"column":19},"end":{"line":24,"column":29}},"11":{"start":{"line":5,"column":13},"end":{"line":31,"column":null}},"12":{"start":{"line":5,"column":13},"end":{"line":5,"column":23}}},"fnMap":{"0":{"name":"(anonymous_2)","decl":{"start":{"line":24,"column":13},"end":{"line":24,"column":16}},"loc":{"start":{"line":24,"column":19},"end":{"line":24,"column":29}}}},"branchMap":{},"s":{"0":12,"1":12,"2":12,"3":12,"4":12,"5":12,"6":12,"7":12,"8":12,"9":12,"10":12,"11":12,"12":12},"f":{"0":12},"b":{}}
,"/media/jmback/Backup/Dev/Growdev/Redis/projeto_final/final_back_sem_front/src/app/shared/entities/user.entity.ts": {"path":"/media/jmback/Backup/Dev/Growdev/Redis/projeto_final/final_back_sem_front/src/app/shared/entities/user.entity.ts","statementMap":{"0":{"start":{"line":1,"column":0},"end":{"line":1,"column":67}},"1":{"start":{"line":2,"column":0},"end":{"line":2,"column":43}},"2":{"start":{"line":5,"column":7},"end":{"line":19,"column":null}},"3":{"start":{"line":7,"column":2},"end":{"line":8,"column":null}},"4":{"start":{"line":10,"column":2},"end":{"line":11,"column":null}},"5":{"start":{"line":13,"column":2},"end":{"line":14,"column":null}},"6":{"start":{"line":16,"column":2},"end":{"line":17,"column":null}},"7":{"start":{"line":16,"column":19},"end":{"line":16,"column":29}},"8":{"start":{"line":16,"column":39},"end":{"line":16,"column":48}},"9":{"start":{"line":5,"column":13},"end":{"line":19,"column":null}},"10":{"start":{"line":5,"column":13},"end":{"line":5,"column":23}}},"fnMap":{"0":{"name":"(anonymous_2)","decl":{"start":{"line":16,"column":13},"end":{"line":16,"column":16}},"loc":{"start":{"line":16,"column":19},"end":{"line":16,"column":29}}},"1":{"name":"(anonymous_3)","decl":{"start":{"line":16,"column":31},"end":{"line":16,"column":35}},"loc":{"start":{"line":16,"column":39},"end":{"line":16,"column":48}}}},"branchMap":{},"s":{"0":12,"1":12,"2":12,"3":12,"4":12,"5":12,"6":12,"7":12,"8":12,"9":12,"10":12},"f":{"0":12,"1":12},"b":{}}
,"/media/jmback/Backup/Dev/Growdev/Redis/projeto_final/final_back_sem_front/src/app/shared/middlewares/user.validator.middleware.ts": {"path":"/media/jmback/Backup/Dev/Growdev/Redis/projeto_final/final_back_sem_front/src/app/shared/middlewares/user.validator.middleware.ts","statementMap":{"0":{"start":{"line":2,"column":0},"end":{"line":2,"column":76}},"1":{"start":{"line":4,"column":29},"end":{"line":18,"column":1}},"2":{"start":{"line":5,"column":19},"end":{"line":5,"column":29}},"3":{"start":{"line":7,"column":24},"end":{"line":7,"column":50}},"4":{"start":{"line":8,"column":15},"end":{"line":8,"column":55}},"5":{"start":{"line":10,"column":2},"end":{"line":15,"column":null}},"6":{"start":{"line":11,"column":4},"end":{"line":14,"column":null}},"7":{"start":{"line":17,"column":2},"end":{"line":17,"column":9}},"8":{"start":{"line":4,"column":13},"end":{"line":4,"column":29}}},"fnMap":{"0":{"name":"(anonymous_0)","decl":{"start":{"line":4,"column":29},"end":{"line":4,"column":34}},"loc":{"start":{"line":4,"column":87},"end":{"line":18,"column":1}}}},"branchMap":{"0":{"loc":{"start":{"line":10,"column":2},"end":{"line":15,"column":null}},"type":"if","locations":[{"start":{"line":10,"column":2},"end":{"line":15,"column":null}}]}},"s":{"0":1,"1":1,"2":3,"3":3,"4":3,"5":3,"6":1,"7":2,"8":1},"f":{"0":3},"b":{"0":[1]}}
,"/media/jmback/Backup/Dev/Growdev/Redis/projeto_final/final_back_sem_front/src/app/shared/repositories/SharedUserRepository.ts": {"path":"/media/jmback/Backup/Dev/Growdev/Redis/projeto_final/final_back_sem_front/src/app/shared/repositories/SharedUserRepository.ts","statementMap":{"0":{"start":{"line":1,"column":0},"end":{"line":1,"column":79}},"1":{"start":{"line":2,"column":0},"end":{"line":2,"column":53}},"2":{"start":{"line":3,"column":0},"end":{"line":3,"column":53}},"3":{"start":{"line":7,"column":24},"end":{"line":7,"column":79}},"4":{"start":{"line":10,"column":4},"end":{"line":13,"column":null}},"5":{"start":{"line":17,"column":19},"end":{"line":17,"column":61}},"6":{"start":{"line":19,"column":4},"end":{"line":19,"column":28}},"7":{"start":{"line":19,"column":16},"end":{"line":19,"column":28}},"8":{"start":{"line":21,"column":4},"end":{"line":21,"column":null}},"9":{"start":{"line":5,"column":0},"end":{"line":5,"column":13}}},"fnMap":{"0":{"name":"(anonymous_0)","decl":{"start":{"line":9,"column":10},"end":{"line":9,"column":26}},"loc":{"start":{"line":9,"column":49},"end":{"line":14,"column":3}}},"1":{"name":"(anonymous_1)","decl":{"start":{"line":16,"column":9},"end":{"line":16,"column":14}},"loc":{"start":{"line":16,"column":41},"end":{"line":23,"column":3}}}},"branchMap":{"0":{"loc":{"start":{"line":19,"column":4},"end":{"line":19,"column":28}},"type":"if","locations":[{"start":{"line":19,"column":4},"end":{"line":19,"column":28}}]}},"s":{"0":4,"1":4,"2":4,"3":11,"4":0,"5":3,"6":3,"7":3,"8":0,"9":4},"f":{"0":0,"1":3},"b":{"0":[3]}}
,"/media/jmback/Backup/Dev/Growdev/Redis/projeto_final/final_back_sem_front/src/app/shared/repositories/cache.repository.ts": {"path":"/media/jmback/Backup/Dev/Growdev/Redis/projeto_final/final_back_sem_front/src/app/shared/repositories/cache.repository.ts","statementMap":{"0":{"start":{"line":1,"column":0},"end":{"line":1,"column":74}},"1":{"start":{"line":4,"column":23},"end":{"line":4,"column":49}},"2":{"start":{"line":7,"column":19},"end":{"line":7,"column":51}},"3":{"start":{"line":8,"column":4},"end":{"line":10,"column":null}},"4":{"start":{"line":9,"column":6},"end":{"line":9,"column":18}},"5":{"start":{"line":12,"column":4},"end":{"line":12,"column":30}},"6":{"start":{"line":16,"column":4},"end":{"line":16,"column":59}},"7":{"start":{"line":20,"column":4},"end":{"line":20,"column":37}},"8":{"start":{"line":3,"column":0},"end":{"line":3,"column":13}}},"fnMap":{"0":{"name":"(anonymous_0)","decl":{"start":{"line":6,"column":9},"end":{"line":6,"column":14}},"loc":{"start":{"line":6,"column":32},"end":{"line":13,"column":3}}},"1":{"name":"(anonymous_1)","decl":{"start":{"line":15,"column":9},"end":{"line":15,"column":14}},"loc":{"start":{"line":15,"column":43},"end":{"line":17,"column":3}}},"2":{"name":"(anonymous_2)","decl":{"start":{"line":19,"column":9},"end":{"line":19,"column":14}},"loc":{"start":{"line":19,"column":35},"end":{"line":21,"column":3}}}},"branchMap":{"0":{"loc":{"start":{"line":8,"column":4},"end":{"line":10,"column":null}},"type":"if","locations":[{"start":{"line":8,"column":4},"end":{"line":10,"column":null}}]}},"s":{"0":7,"1":12,"2":4,"3":4,"4":4,"5":0,"6":1,"7":0,"8":7},"f":{"0":4,"1":1,"2":0},"b":{"0":[4]}}
,"/media/jmback/Backup/Dev/Growdev/Redis/projeto_final/final_back_sem_front/src/app/shared/util/response.helper.ts": {"path":"/media/jmback/Backup/Dev/Growdev/Redis/projeto_final/final_back_sem_front/src/app/shared/util/response.helper.ts","statementMap":{"0":{"start":{"line":3,"column":27},"end":{"line":8,"column":1}},"1":{"start":{"line":4,"column":4},"end":{"line":7,"column":7}},"2":{"start":{"line":3,"column":13},"end":{"line":3,"column":27}},"3":{"start":{"line":10,"column":23},"end":{"line":16,"column":1}},"4":{"start":{"line":11,"column":4},"end":{"line":15,"column":7}},"5":{"start":{"line":10,"column":13},"end":{"line":10,"column":23}},"6":{"start":{"line":18,"column":24},"end":{"line":24,"column":1}},"7":{"start":{"line":19,"column":2},"end":{"line":23,"column":5}},"8":{"start":{"line":18,"column":13},"end":{"line":18,"column":24}}},"fnMap":{"0":{"name":"(anonymous_0)","decl":{"start":{"line":3,"column":27},"end":{"line":3,"column":28}},"loc":{"start":{"line":3,"column":57},"end":{"line":8,"column":1}}},"1":{"name":"(anonymous_1)","decl":{"start":{"line":10,"column":23},"end":{"line":10,"column":24}},"loc":{"start":{"line":10,"column":86},"end":{"line":16,"column":1}}},"2":{"name":"(anonymous_2)","decl":{"start":{"line":18,"column":24},"end":{"line":18,"column":25}},"loc":{"start":{"line":18,"column":72},"end":{"line":24,"column":1}}}},"branchMap":{"0":{"loc":{"start":{"line":11,"column":22},"end":{"line":11,"column":33}},"type":"binary-expr","locations":[{"start":{"line":11,"column":22},"end":{"line":11,"column":26}},{"start":{"line":11,"column":30},"end":{"line":11,"column":33}}]}},"s":{"0":1,"1":1,"2":1,"3":1,"4":4,"5":1,"6":1,"7":0,"8":1},"f":{"0":1,"1":4,"2":0},"b":{"0":[4,3]}}
}
