{"/media/jmback/Backup/Dev/Growdev/Redis/projeto_final/final_back_sem_front/src/app/envs/cache.env.ts": {"path":"/media/jmback/Backup/Dev/Growdev/Redis/projeto_final/final_back_sem_front/src/app/envs/cache.env.ts","statementMap":{"0":{"start":{"line":1,"column":0},"end":{"line":1,"column":23}},"1":{"start":{"line":3,"column":13},"end":{"line":8,"column":2}}},"fnMap":{},"branchMap":{},"s":{"0":4,"1":4},"f":{},"b":{}}
,"/media/jmback/Backup/Dev/Growdev/Redis/projeto_final/final_back_sem_front/src/app/features/users/repositories/user.repository.ts": {"path":"/media/jmback/Backup/Dev/Growdev/Redis/projeto_final/final_back_sem_front/src/app/features/users/repositories/user.repository.ts","statementMap":{"0":{"start":{"line":1,"column":0},"end":{"line":1,"column":82}},"1":{"start":{"line":2,"column":0},"end":{"line":2,"column":56}},"2":{"start":{"line":3,"column":0},"end":{"line":3,"column":66}},"3":{"start":{"line":15,"column":24},"end":{"line":15,"column":79}},"4":{"start":{"line":18,"column":4},"end":{"line":21,"column":null}},"5":{"start":{"line":25,"column":19},"end":{"line":25,"column":48}},"6":{"start":{"line":27,"column":18},"end":{"line":29,"column":6}},"7":{"start":{"line":28,"column":6},"end":{"line":28,"column":41}},"8":{"start":{"line":31,"column":4},"end":{"line":31,"column":17}},"9":{"start":{"line":35,"column":19},"end":{"line":35,"column":65}},"10":{"start":{"line":37,"column":4},"end":{"line":39,"column":null}},"11":{"start":{"line":38,"column":6},"end":{"line":38,"column":null}},"12":{"start":{"line":41,"column":4},"end":{"line":41,"column":null}},"13":{"start":{"line":45,"column":23},"end":{"line":49,"column":6}},"14":{"start":{"line":51,"column":19},"end":{"line":51,"column":58}},"15":{"start":{"line":52,"column":4},"end":{"line":52,"column":null}},"16":{"start":{"line":53,"column":4},"end":{"line":53,"column":41}},"17":{"start":{"line":58,"column":19},"end":{"line":65,"column":null}},"18":{"start":{"line":68,"column":4},"end":{"line":68,"column":18}},"19":{"start":{"line":74,"column":17},"end":{"line":74,"column":63}},"20":{"start":{"line":76,"column":4},"end":{"line":78,"column":null}},"21":{"start":{"line":77,"column":6},"end":{"line":77,"column":null}},"22":{"start":{"line":80,"column":4},"end":{"line":80,"column":null}},"23":{"start":{"line":82,"column":4},"end":{"line":82,"column":16}},"24":{"start":{"line":90,"column":19},"end":{"line":90,"column":70}},"25":{"start":{"line":92,"column":4},"end":{"line":94,"column":null}},"26":{"start":{"line":93,"column":6},"end":{"line":93,"column":18}},"27":{"start":{"line":96,"column":4},"end":{"line":96,"column":41}},"28":{"start":{"line":14,"column":0},"end":{"line":14,"column":13}}},"fnMap":{"0":{"name":"(anonymous_0)","decl":{"start":{"line":17,"column":10},"end":{"line":17,"column":26}},"loc":{"start":{"line":17,"column":49},"end":{"line":22,"column":3}}},"1":{"name":"(anonymous_1)","decl":{"start":{"line":24,"column":9},"end":{"line":24,"column":14}},"loc":{"start":{"line":24,"column":19},"end":{"line":32,"column":3}}},"2":{"name":"(anonymous_2)","decl":{"start":{"line":27,"column":29},"end":{"line":27,"column":33}},"loc":{"start":{"line":27,"column":36},"end":{"line":29,"column":5}}},"3":{"name":"(anonymous_3)","decl":{"start":{"line":34,"column":9},"end":{"line":34,"column":14}},"loc":{"start":{"line":34,"column":29},"end":{"line":42,"column":3}}},"4":{"name":"(anonymous_4)","decl":{"start":{"line":44,"column":9},"end":{"line":44,"column":14}},"loc":{"start":{"line":44,"column":37},"end":{"line":55,"column":3}}},"5":{"name":"(anonymous_5)","decl":{"start":{"line":57,"column":9},"end":{"line":57,"column":14}},"loc":{"start":{"line":57,"column":41},"end":{"line":70,"column":3}}},"6":{"name":"(anonymous_6)","decl":{"start":{"line":72,"column":9},"end":{"line":72,"column":14}},"loc":{"start":{"line":72,"column":32},"end":{"line":87,"column":3}}},"7":{"name":"(anonymous_7)","decl":{"start":{"line":89,"column":9},"end":{"line":89,"column":14}},"loc":{"start":{"line":89,"column":52},"end":{"line":97,"column":3}}}},"branchMap":{"0":{"loc":{"start":{"line":37,"column":4},"end":{"line":39,"column":null}},"type":"if","locations":[{"start":{"line":37,"column":4},"end":{"line":39,"column":null}}]},"1":{"loc":{"start":{"line":76,"column":4},"end":{"line":78,"column":null}},"type":"if","locations":[{"start":{"line":76,"column":4},"end":{"line":78,"column":null}}]},"2":{"loc":{"start":{"line":92,"column":4},"end":{"line":94,"column":null}},"type":"if","locations":[{"start":{"line":92,"column":4},"end":{"line":94,"column":null}}]}},"s":{"0":5,"1":5,"2":5,"3":8,"4":0,"5":1,"6":1,"7":0,"8":1,"9":0,"10":0,"11":0,"12":0,"13":0,"14":0,"15":0,"16":0,"17":0,"18":0,"19":0,"20":0,"21":0,"22":0,"23":0,"24":0,"25":0,"26":0,"27":0,"28":5},"f":{"0":0,"1":1,"2":0,"3":0,"4":0,"5":0,"6":0,"7":0},"b":{"0":[0],"1":[0],"2":[0]}}
,"/media/jmback/Backup/Dev/Growdev/Redis/projeto_final/final_back_sem_front/src/app/features/users/usecases/create-user.usecase.ts": {"path":"/media/jmback/Backup/Dev/Growdev/Redis/projeto_final/final_back_sem_front/src/app/features/users/usecases/create-user.usecase.ts","statementMap":{"0":{"start":{"line":1,"column":0},"end":{"line":1,"column":56}},"1":{"start":{"line":12,"column":12},"end":{"line":12,"column":38}},"2":{"start":{"line":13,"column":12},"end":{"line":13,"column":44}},"3":{"start":{"line":16,"column":17},"end":{"line":18,"column":null}},"4":{"start":{"line":21,"column":19},"end":{"line":21,"column":53}},"5":{"start":{"line":23,"column":4},"end":{"line":23,"column":47}},"6":{"start":{"line":25,"column":4},"end":{"line":25,"column":27}},"7":{"start":{"line":10,"column":0},"end":{"line":10,"column":13}}},"fnMap":{"0":{"name":"(anonymous_0)","decl":{"start":{"line":11,"column":2},"end":{"line":11,"column":null}},"loc":{"start":{"line":13,"column":44},"end":{"line":13,"column":48}}},"1":{"name":"(anonymous_1)","decl":{"start":{"line":15,"column":9},"end":{"line":15,"column":14}},"loc":{"start":{"line":15,"column":42},"end":{"line":27,"column":3}}}},"branchMap":{},"s":{"0":1,"1":1,"2":1,"3":1,"4":1,"5":1,"6":1,"7":1},"f":{"0":1,"1":1},"b":{}}
,"/media/jmback/Backup/Dev/Growdev/Redis/projeto_final/final_back_sem_front/src/app/features/users/usecases/delete-user.usecase.ts": {"path":"/media/jmback/Backup/Dev/Growdev/Redis/projeto_final/final_back_sem_front/src/app/features/users/usecases/delete-user.usecase.ts","statementMap":{"0":{"start":{"line":9,"column":12},"end":{"line":9,"column":39}},"1":{"start":{"line":12,"column":19},"end":{"line":12,"column":52}},"2":{"start":{"line":14,"column":4},"end":{"line":14,"column":18}},"3":{"start":{"line":7,"column":0},"end":{"line":7,"column":13}}},"fnMap":{"0":{"name":"(anonymous_0)","decl":{"start":{"line":8,"column":2},"end":{"line":8,"column":null}},"loc":{"start":{"line":9,"column":39},"end":{"line":9,"column":44}}},"1":{"name":"(anonymous_1)","decl":{"start":{"line":11,"column":9},"end":{"line":11,"column":14}},"loc":{"start":{"line":11,"column":33},"end":{"line":15,"column":3}}}},"branchMap":{},"s":{"0":1,"1":1,"2":1,"3":1},"f":{"0":1,"1":1},"b":{}}
,"/media/jmback/Backup/Dev/Growdev/Redis/projeto_final/final_back_sem_front/src/app/features/users/usecases/get-user.usecase.ts": {"path":"/media/jmback/Backup/Dev/Growdev/Redis/projeto_final/final_back_sem_front/src/app/features/users/usecases/get-user.usecase.ts","statementMap":{"0":{"start":{"line":10,"column":12},"end":{"line":10,"column":38}},"1":{"start":{"line":11,"column":12},"end":{"line":11,"column":44}},"2":{"start":{"line":14,"column":23},"end":{"line":14,"column":68}},"3":{"start":{"line":16,"column":4},"end":{"line":18,"column":null}},"4":{"start":{"line":17,"column":6},"end":{"line":17,"column":24}},"5":{"start":{"line":20,"column":17},"end":{"line":20,"column":46}},"6":{"start":{"line":22,"column":4},"end":{"line":24,"column":null}},"7":{"start":{"line":23,"column":6},"end":{"line":23,"column":18}},"8":{"start":{"line":26,"column":21},"end":{"line":26,"column":34}},"9":{"start":{"line":28,"column":4},"end":{"line":28,"column":60}},"10":{"start":{"line":30,"column":4},"end":{"line":30,"column":20}},"11":{"start":{"line":8,"column":0},"end":{"line":8,"column":13}}},"fnMap":{"0":{"name":"(anonymous_0)","decl":{"start":{"line":9,"column":2},"end":{"line":9,"column":null}},"loc":{"start":{"line":11,"column":44},"end":{"line":11,"column":48}}},"1":{"name":"(anonymous_1)","decl":{"start":{"line":13,"column":9},"end":{"line":13,"column":14}},"loc":{"start":{"line":13,"column":33},"end":{"line":31,"column":3}}}},"branchMap":{"0":{"loc":{"start":{"line":16,"column":4},"end":{"line":18,"column":null}},"type":"if","locations":[{"start":{"line":16,"column":4},"end":{"line":18,"column":null}}]},"1":{"loc":{"start":{"line":22,"column":4},"end":{"line":24,"column":null}},"type":"if","locations":[{"start":{"line":22,"column":4},"end":{"line":24,"column":null}}]}},"s":{"0":2,"1":2,"2":2,"3":2,"4":0,"5":2,"6":2,"7":1,"8":1,"9":1,"10":1,"11":1},"f":{"0":2,"1":2},"b":{"0":[0],"1":[1]}}
,"/media/jmback/Backup/Dev/Growdev/Redis/projeto_final/final_back_sem_front/src/app/features/users/usecases/list-user.usecase.ts": {"path":"/media/jmback/Backup/Dev/Growdev/Redis/projeto_final/final_back_sem_front/src/app/features/users/usecases/list-user.usecase.ts","statementMap":{"0":{"start":{"line":6,"column":12},"end":{"line":6,"column":38}},"1":{"start":{"line":7,"column":12},"end":{"line":7,"column":44}},"2":{"start":{"line":10,"column":23},"end":{"line":10,"column":62}},"3":{"start":{"line":12,"column":4},"end":{"line":14,"column":null}},"4":{"start":{"line":13,"column":6},"end":{"line":13,"column":24}},"5":{"start":{"line":16,"column":19},"end":{"line":16,"column":47}},"6":{"start":{"line":17,"column":23},"end":{"line":17,"column":56}},"7":{"start":{"line":17,"column":42},"end":{"line":17,"column":55}},"8":{"start":{"line":19,"column":4},"end":{"line":19,"column":22}},"9":{"start":{"line":4,"column":0},"end":{"line":4,"column":13}}},"fnMap":{"0":{"name":"(anonymous_0)","decl":{"start":{"line":5,"column":2},"end":{"line":5,"column":null}},"loc":{"start":{"line":7,"column":44},"end":{"line":7,"column":48}}},"1":{"name":"(anonymous_1)","decl":{"start":{"line":9,"column":9},"end":{"line":9,"column":14}},"loc":{"start":{"line":9,"column":22},"end":{"line":20,"column":3}}},"2":{"name":"(anonymous_2)","decl":{"start":{"line":17,"column":34},"end":{"line":17,"column":38}},"loc":{"start":{"line":17,"column":42},"end":{"line":17,"column":55}}}},"branchMap":{"0":{"loc":{"start":{"line":12,"column":4},"end":{"line":14,"column":null}},"type":"if","locations":[{"start":{"line":12,"column":4},"end":{"line":14,"column":null}}]}},"s":{"0":1,"1":1,"2":1,"3":1,"4":0,"5":1,"6":1,"7":0,"8":1,"9":1},"f":{"0":1,"1":1,"2":0},"b":{"0":[0]}}
,"/media/jmback/Backup/Dev/Growdev/Redis/projeto_final/final_back_sem_front/src/app/features/users/usecases/login-user.usecase.ts": {"path":"/media/jmback/Backup/Dev/Growdev/Redis/projeto_final/final_back_sem_front/src/app/features/users/usecases/login-user.usecase.ts","statementMap":{"0":{"start":{"line":6,"column":12},"end":{"line":6,"column":38}},"1":{"start":{"line":10,"column":19},"end":{"line":10,"column":63}},"2":{"start":{"line":11,"column":4},"end":{"line":11,"column":24}},"3":{"start":{"line":13,"column":4},"end":{"line":13,"column":18}},"4":{"start":{"line":4,"column":0},"end":{"line":4,"column":13}}},"fnMap":{"0":{"name":"(anonymous_0)","decl":{"start":{"line":5,"column":2},"end":{"line":5,"column":null}},"loc":{"start":{"line":6,"column":38},"end":{"line":6,"column":42}}},"1":{"name":"(anonymous_1)","decl":{"start":{"line":8,"column":9},"end":{"line":8,"column":14}},"loc":{"start":{"line":8,"column":54},"end":{"line":14,"column":3}}}},"branchMap":{},"s":{"0":3,"1":3,"2":2,"3":2,"4":1},"f":{"0":3,"1":3},"b":{}}
,"/media/jmback/Backup/Dev/Growdev/Redis/projeto_final/final_back_sem_front/src/app/models/user.models.ts": {"path":"/media/jmback/Backup/Dev/Growdev/Redis/projeto_final/final_back_sem_front/src/app/models/user.models.ts","statementMap":{"0":{"start":{"line":1,"column":0},"end":{"line":1,"column":36}},"1":{"start":{"line":7,"column":16},"end":{"line":7,"column":30}},"2":{"start":{"line":8,"column":16},"end":{"line":8,"column":33}},"3":{"start":{"line":10,"column":8},"end":{"line":10,"column":28}},"4":{"start":{"line":14,"column":8},"end":{"line":14,"column":24}},"5":{"start":{"line":18,"column":8},"end":{"line":18,"column":27}},"6":{"start":{"line":22,"column":8},"end":{"line":22,"column":28}},"7":{"start":{"line":26,"column":8},"end":{"line":26,"column":30}},"8":{"start":{"line":30,"column":8},"end":{"line":30,"column":34}},"9":{"start":{"line":34,"column":8},"end":{"line":38,"column":null}},"10":{"start":{"line":42,"column":21},"end":{"line":42,"column":51}},"11":{"start":{"line":43,"column":8},"end":{"line":43,"column":null}},"12":{"start":{"line":45,"column":8},"end":{"line":45,"column":20}},"13":{"start":{"line":3,"column":0},"end":{"line":3,"column":13}}},"fnMap":{"0":{"name":"(anonymous_0)","decl":{"start":{"line":6,"column":4},"end":{"line":6,"column":null}},"loc":{"start":{"line":8,"column":33},"end":{"line":11,"column":5}}},"1":{"name":"(anonymous_1)","decl":{"start":{"line":13,"column":4},"end":{"line":13,"column":15}},"loc":{"start":{"line":13,"column":17},"end":{"line":15,"column":5}}},"2":{"name":"(anonymous_2)","decl":{"start":{"line":17,"column":4},"end":{"line":17,"column":15}},"loc":{"start":{"line":17,"column":20},"end":{"line":19,"column":5}}},"3":{"name":"(anonymous_3)","decl":{"start":{"line":21,"column":4},"end":{"line":21,"column":15}},"loc":{"start":{"line":21,"column":34},"end":{"line":23,"column":5}}},"4":{"name":"(anonymous_4)","decl":{"start":{"line":25,"column":4},"end":{"line":25,"column":15}},"loc":{"start":{"line":25,"column":23},"end":{"line":27,"column":5}}},"5":{"name":"(anonymous_5)","decl":{"start":{"line":29,"column":4},"end":{"line":29,"column":15}},"loc":{"start":{"line":29,"column":40},"end":{"line":31,"column":5}}},"6":{"name":"(anonymous_6)","decl":{"start":{"line":33,"column":11},"end":{"line":33,"column":17}},"loc":{"start":{"line":33,"column":17},"end":{"line":39,"column":5}}},"7":{"name":"(anonymous_7)","decl":{"start":{"line":41,"column":11},"end":{"line":41,"column":17}},"loc":{"start":{"line":41,"column":68},"end":{"line":46,"column":5}}}},"branchMap":{},"s":{"0":5,"1":4,"2":4,"3":4,"4":2,"5":2,"6":0,"7":2,"8":0,"9":2,"10":0,"11":0,"12":0,"13":5},"f":{"0":4,"1":2,"2":2,"3":0,"4":2,"5":0,"6":2,"7":0},"b":{}}
,"/media/jmback/Backup/Dev/Growdev/Redis/projeto_final/final_back_sem_front/src/app/shared/entities/note.entity.ts": {"path":"/media/jmback/Backup/Dev/Growdev/Redis/projeto_final/final_back_sem_front/src/app/shared/entities/note.entity.ts","statementMap":{"0":{"start":{"line":1,"column":0},"end":{"line":1,"column":79}},"1":{"start":{"line":2,"column":0},"end":{"line":2,"column":43}},"2":{"start":{"line":5,"column":7},"end":{"line":31,"column":null}},"3":{"start":{"line":17,"column":22},"end":{"line":17,"column":27}},"4":{"start":{"line":7,"column":2},"end":{"line":8,"column":null}},"5":{"start":{"line":10,"column":2},"end":{"line":11,"column":null}},"6":{"start":{"line":13,"column":2},"end":{"line":14,"column":null}},"7":{"start":{"line":16,"column":2},"end":{"line":17,"column":null}},"8":{"start":{"line":19,"column":2},"end":{"line":22,"column":null}},"9":{"start":{"line":24,"column":2},"end":{"line":29,"column":null}},"10":{"start":{"line":24,"column":19},"end":{"line":24,"column":29}},"11":{"start":{"line":5,"column":13},"end":{"line":31,"column":null}},"12":{"start":{"line":5,"column":13},"end":{"line":5,"column":23}}},"fnMap":{"0":{"name":"(anonymous_2)","decl":{"start":{"line":24,"column":13},"end":{"line":24,"column":16}},"loc":{"start":{"line":24,"column":19},"end":{"line":24,"column":29}}}},"branchMap":{},"s":{"0":5,"1":5,"2":5,"3":5,"4":5,"5":5,"6":5,"7":5,"8":5,"9":5,"10":5,"11":5,"12":5},"f":{"0":5},"b":{}}
,"/media/jmback/Backup/Dev/Growdev/Redis/projeto_final/final_back_sem_front/src/app/shared/entities/user.entity.ts": {"path":"/media/jmback/Backup/Dev/Growdev/Redis/projeto_final/final_back_sem_front/src/app/shared/entities/user.entity.ts","statementMap":{"0":{"start":{"line":1,"column":0},"end":{"line":1,"column":67}},"1":{"start":{"line":2,"column":0},"end":{"line":2,"column":43}},"2":{"start":{"line":5,"column":7},"end":{"line":19,"column":null}},"3":{"start":{"line":7,"column":2},"end":{"line":8,"column":null}},"4":{"start":{"line":10,"column":2},"end":{"line":11,"column":null}},"5":{"start":{"line":13,"column":2},"end":{"line":14,"column":null}},"6":{"start":{"line":16,"column":2},"end":{"line":17,"column":null}},"7":{"start":{"line":16,"column":19},"end":{"line":16,"column":29}},"8":{"start":{"line":16,"column":39},"end":{"line":16,"column":48}},"9":{"start":{"line":5,"column":13},"end":{"line":19,"column":null}},"10":{"start":{"line":5,"column":13},"end":{"line":5,"column":23}}},"fnMap":{"0":{"name":"(anonymous_2)","decl":{"start":{"line":16,"column":13},"end":{"line":16,"column":16}},"loc":{"start":{"line":16,"column":19},"end":{"line":16,"column":29}}},"1":{"name":"(anonymous_3)","decl":{"start":{"line":16,"column":31},"end":{"line":16,"column":35}},"loc":{"start":{"line":16,"column":39},"end":{"line":16,"column":48}}}},"branchMap":{},"s":{"0":5,"1":5,"2":5,"3":5,"4":5,"5":5,"6":5,"7":5,"8":5,"9":5,"10":5},"f":{"0":5,"1":5},"b":{}}
,"/media/jmback/Backup/Dev/Growdev/Redis/projeto_final/final_back_sem_front/src/app/shared/repositories/cache.repository.ts": {"path":"/media/jmback/Backup/Dev/Growdev/Redis/projeto_final/final_back_sem_front/src/app/shared/repositories/cache.repository.ts","statementMap":{"0":{"start":{"line":1,"column":0},"end":{"line":1,"column":74}},"1":{"start":{"line":4,"column":23},"end":{"line":4,"column":49}},"2":{"start":{"line":7,"column":19},"end":{"line":7,"column":51}},"3":{"start":{"line":8,"column":4},"end":{"line":10,"column":null}},"4":{"start":{"line":9,"column":6},"end":{"line":9,"column":18}},"5":{"start":{"line":12,"column":4},"end":{"line":12,"column":30}},"6":{"start":{"line":16,"column":4},"end":{"line":16,"column":59}},"7":{"start":{"line":20,"column":4},"end":{"line":20,"column":37}},"8":{"start":{"line":3,"column":0},"end":{"line":3,"column":13}}},"fnMap":{"0":{"name":"(anonymous_0)","decl":{"start":{"line":6,"column":9},"end":{"line":6,"column":14}},"loc":{"start":{"line":6,"column":32},"end":{"line":13,"column":3}}},"1":{"name":"(anonymous_1)","decl":{"start":{"line":15,"column":9},"end":{"line":15,"column":14}},"loc":{"start":{"line":15,"column":43},"end":{"line":17,"column":3}}},"2":{"name":"(anonymous_2)","decl":{"start":{"line":19,"column":9},"end":{"line":19,"column":14}},"loc":{"start":{"line":19,"column":35},"end":{"line":21,"column":3}}}},"branchMap":{"0":{"loc":{"start":{"line":8,"column":4},"end":{"line":10,"column":null}},"type":"if","locations":[{"start":{"line":8,"column":4},"end":{"line":10,"column":null}}]}},"s":{"0":3,"1":4,"2":2,"3":2,"4":2,"5":0,"6":1,"7":0,"8":3},"f":{"0":2,"1":1,"2":0},"b":{"0":[2]}}
}
