TN:
SF:src/app/envs/cache.env.ts
FNF:0
FNH:0
DA:1,4
DA:3,4
LF:2
LH:2
BRF:0
BRH:0
end_of_record
TN:
SF:src/app/features/users/repositories/user.repository.ts
FN:17,(anonymous_0)
FN:24,(anonymous_1)
FN:27,(anonymous_2)
FN:34,(anonymous_3)
FN:44,(anonymous_4)
FN:57,(anonymous_5)
FN:72,(anonymous_6)
FN:89,(anonymous_7)
FNF:8
FNH:1
FNDA:0,(anonymous_0)
FNDA:1,(anonymous_1)
FNDA:0,(anonymous_2)
FNDA:0,(anonymous_3)
FNDA:0,(anonymous_4)
FNDA:0,(anonymous_5)
FNDA:0,(anonymous_6)
FNDA:0,(anonymous_7)
DA:1,5
DA:2,5
DA:3,5
DA:14,5
DA:15,8
DA:18,0
DA:25,1
DA:27,1
DA:28,0
DA:31,1
DA:35,0
DA:37,0
DA:38,0
DA:41,0
DA:45,0
DA:51,0
DA:52,0
DA:53,0
DA:58,0
DA:68,0
DA:74,0
DA:76,0
DA:77,0
DA:80,0
DA:82,0
DA:90,0
DA:92,0
DA:93,0
DA:96,0
LF:29
LH:8
BRDA:37,0,0,0
BRDA:76,1,0,0
BRDA:92,2,0,0
BRF:3
BRH:0
end_of_record
TN:
SF:src/app/features/users/usecases/create-user.usecase.ts
FN:11,(anonymous_0)
FN:15,(anonymous_1)
FNF:2
FNH:2
FNDA:1,(anonymous_0)
FNDA:1,(anonymous_1)
DA:1,1
DA:10,1
DA:12,1
DA:13,1
DA:16,1
DA:21,1
DA:23,1
DA:25,1
LF:8
LH:8
BRF:0
BRH:0
end_of_record
TN:
SF:src/app/features/users/usecases/delete-user.usecase.ts
FN:8,(anonymous_0)
FN:11,(anonymous_1)
FNF:2
FNH:2
FNDA:1,(anonymous_0)
FNDA:1,(anonymous_1)
DA:7,1
DA:9,1
DA:12,1
DA:14,1
LF:4
LH:4
BRF:0
BRH:0
end_of_record
TN:
SF:src/app/features/users/usecases/get-user.usecase.ts
FN:9,(anonymous_0)
FN:13,(anonymous_1)
FNF:2
FNH:2
FNDA:2,(anonymous_0)
FNDA:2,(anonymous_1)
DA:8,1
DA:10,2
DA:11,2
DA:14,2
DA:16,2
DA:17,0
DA:20,2
DA:22,2
DA:23,1
DA:26,1
DA:28,1
DA:30,1
LF:12
LH:11
BRDA:16,0,0,0
BRDA:22,1,0,1
BRF:2
BRH:1
end_of_record
TN:
SF:src/app/features/users/usecases/list-user.usecase.ts
FN:5,(anonymous_0)
FN:9,(anonymous_1)
FN:17,(anonymous_2)
FNF:3
FNH:2
FNDA:1,(anonymous_0)
FNDA:1,(anonymous_1)
FNDA:0,(anonymous_2)
DA:4,1
DA:6,1
DA:7,1
DA:10,1
DA:12,1
DA:13,0
DA:16,1
DA:17,1
DA:19,1
LF:9
LH:8
BRDA:12,0,0,0
BRF:1
BRH:0
end_of_record
TN:
SF:src/app/features/users/usecases/login-user.usecase.ts
FN:5,(anonymous_0)
FN:8,(anonymous_1)
FNF:2
FNH:2
FNDA:3,(anonymous_0)
FNDA:3,(anonymous_1)
DA:4,1
DA:6,3
DA:10,3
DA:11,2
DA:13,2
LF:5
LH:5
BRF:0
BRH:0
end_of_record
TN:
SF:src/app/models/user.models.ts
FN:6,(anonymous_0)
FN:13,(anonymous_1)
FN:17,(anonymous_2)
FN:21,(anonymous_3)
FN:25,(anonymous_4)
FN:29,(anonymous_5)
FN:33,(anonymous_6)
FN:41,(anonymous_7)
FNF:8
FNH:5
FNDA:4,(anonymous_0)
FNDA:2,(anonymous_1)
FNDA:2,(anonymous_2)
FNDA:0,(anonymous_3)
FNDA:2,(anonymous_4)
FNDA:0,(anonymous_5)
FNDA:2,(anonymous_6)
FNDA:0,(anonymous_7)
DA:1,5
DA:3,5
DA:7,4
DA:8,4
DA:10,4
DA:14,2
DA:18,2
DA:22,0
DA:26,2
DA:30,0
DA:34,2
DA:42,0
DA:43,0
DA:45,0
LF:14
LH:9
BRF:0
BRH:0
end_of_record
TN:
SF:src/app/shared/entities/note.entity.ts
FN:24,(anonymous_2)
FNF:1
FNH:1
FNDA:5,(anonymous_2)
DA:1,5
DA:2,5
DA:5,5
DA:7,5
DA:10,5
DA:13,5
DA:16,5
DA:17,5
DA:19,5
DA:24,5
LF:10
LH:10
BRF:0
BRH:0
end_of_record
TN:
SF:src/app/shared/entities/user.entity.ts
FN:16,(anonymous_2)
FN:16,(anonymous_3)
FNF:2
FNH:2
FNDA:5,(anonymous_2)
FNDA:5,(anonymous_3)
DA:1,5
DA:2,5
DA:5,5
DA:7,5
DA:10,5
DA:13,5
DA:16,5
LF:7
LH:7
BRF:0
BRH:0
end_of_record
TN:
SF:src/app/shared/repositories/cache.repository.ts
FN:6,(anonymous_0)
FN:15,(anonymous_1)
FN:19,(anonymous_2)
FNF:3
FNH:2
FNDA:2,(anonymous_0)
FNDA:1,(anonymous_1)
FNDA:0,(anonymous_2)
DA:1,3
DA:3,3
DA:4,4
DA:7,2
DA:8,2
DA:9,2
DA:12,0
DA:16,1
DA:20,0
LF:9
LH:7
BRDA:8,0,0,2
BRF:1
BRH:1
end_of_record
