TN:
SF:src/app/envs/cache.env.ts
FNF:0
FNH:0
DA:1,12
DA:3,12
LF:2
LH:2
BRF:0
BRH:0
end_of_record
TN:
SF:src/app/features/notes/controllers/note.controller.ts
FN:15,(anonymous_0)
FN:48,(anonymous_1)
FN:81,(anonymous_2)
FN:100,(anonymous_3)
FN:125,(anonymous_4)
FNF:5
FNH:0
FNDA:0,(anonymous_0)
FNDA:0,(anonymous_1)
FNDA:0,(anonymous_2)
FNDA:0,(anonymous_3)
FNDA:0,(anonymous_4)
DA:2,1
DA:3,1
DA:4,1
DA:5,1
DA:6,1
DA:7,1
DA:8,1
DA:9,1
DA:10,1
DA:11,1
DA:13,1
DA:17,0
DA:19,0
DA:20,0
DA:22,0
DA:27,0
DA:34,0
DA:35,0
DA:38,0
DA:40,0
DA:43,0
DA:50,0
DA:52,0
DA:53,0
DA:55,0
DA:61,0
DA:69,0
DA:70,0
DA:73,0
DA:76,0
DA:83,0
DA:85,0
DA:90,0
DA:92,0
DA:95,0
DA:102,0
DA:104,0
DA:105,0
DA:111,0
DA:113,0
DA:114,0
DA:117,0
DA:120,0
DA:127,0
DA:129,0
DA:130,0
DA:134,0
DA:136,0
DA:137,0
DA:143,0
DA:146,0
LF:51
LH:11
BRDA:34,0,0,0
BRDA:69,1,0,0
BRDA:113,2,0,0
BRDA:136,3,0,0
BRF:4
BRH:0
end_of_record
TN:
SF:src/app/features/notes/repositories/note.repository.ts
FN:18,(anonymous_0)
FN:30,(anonymous_1)
FN:37,(anonymous_2)
FN:45,(anonymous_3)
FN:48,(anonymous_4)
FN:55,(anonymous_5)
FN:65,(anonymous_6)
FN:91,(anonymous_7)
FN:97,(anonymous_8)
FNF:9
FNH:1
FNDA:0,(anonymous_0)
FNDA:1,(anonymous_1)
FNDA:0,(anonymous_2)
FNDA:0,(anonymous_3)
FNDA:0,(anonymous_4)
FNDA:0,(anonymous_5)
FNDA:0,(anonymous_6)
FNDA:0,(anonymous_7)
FNDA:0,(anonymous_8)
DA:1,7
DA:2,7
DA:3,7
DA:4,7
DA:6,7
DA:15,7
DA:16,10
DA:19,0
DA:21,0
DA:31,1
DA:37,1
DA:38,0
DA:41,1
DA:46,0
DA:48,0
DA:49,0
DA:52,0
DA:56,0
DA:58,0
DA:59,0
DA:62,0
DA:66,0
DA:67,0
DA:68,0
DA:70,0
DA:71,0
DA:74,0
DA:82,0
DA:84,0
DA:88,0
DA:93,0
DA:98,0
DA:109,0
LF:33
LH:10
BRDA:58,0,0,0
BRDA:70,1,0,0
BRF:2
BRH:0
end_of_record
TN:
SF:src/app/features/notes/routes/notes.route.ts
FN:5,(anonymous_0)
FNF:1
FNH:1
FNDA:8,(anonymous_0)
DA:1,1
DA:2,1
DA:3,1
DA:5,1
DA:7,8
DA:9,8
DA:10,8
DA:11,8
DA:12,8
DA:13,8
DA:15,8
LF:11
LH:11
BRF:0
BRH:0
end_of_record
TN:
SF:src/app/features/notes/usecases/create-note.usecase.ts
FN:14,(anonymous_0)
FN:18,(anonymous_1)
FNF:2
FNH:2
FNDA:1,(anonymous_0)
FNDA:1,(anonymous_1)
DA:1,2
DA:13,2
DA:15,1
DA:16,1
DA:19,1
DA:21,1
DA:22,0
DA:25,1
DA:31,1
DA:32,1
DA:34,1
LF:11
LH:10
BRDA:21,0,0,0
BRF:1
BRH:0
end_of_record
TN:
SF:src/app/features/notes/usecases/delete-note-user.usecase.ts
FN:6,(anonymous_0)
FN:10,(anonymous_1)
FNF:2
FNH:2
FNDA:1,(anonymous_0)
FNDA:1,(anonymous_1)
DA:5,2
DA:7,1
DA:12,1
DA:14,1
DA:15,1
DA:18,0
DA:19,0
DA:22,0
LF:8
LH:5
BRDA:14,0,0,1
BRDA:18,1,0,0
BRF:2
BRH:1
end_of_record
TN:
SF:src/app/features/notes/usecases/list-note-user.usecase.ts
FN:6,(anonymous_0)
FN:12,(anonymous_1)
FN:25,(anonymous_2)
FNF:3
FNH:3
FNDA:4,(anonymous_0)
FNDA:4,(anonymous_1)
FNDA:2,(anonymous_2)
DA:5,2
DA:7,4
DA:8,4
DA:9,4
DA:13,4
DA:15,4
DA:16,2
DA:19,2
DA:21,2
DA:22,0
DA:25,2
LF:11
LH:10
BRDA:15,0,0,2
BRDA:21,1,0,0
BRF:2
BRH:1
end_of_record
TN:
SF:src/app/features/notes/usecases/list-note.usecase.ts
FN:5,(anonymous_0)
FN:10,(anonymous_1)
FN:18,(anonymous_2)
FNF:3
FNH:2
FNDA:1,(anonymous_0)
FNDA:1,(anonymous_1)
FNDA:0,(anonymous_2)
DA:4,2
DA:6,1
DA:7,1
DA:11,1
DA:13,1
DA:14,1
DA:17,0
DA:18,0
DA:20,0
DA:22,0
LF:10
LH:6
BRDA:13,0,0,1
BRF:1
BRH:1
end_of_record
TN:
SF:src/app/features/notes/usecases/update-note.usecase.ts
FN:14,(anonymous_0)
FN:20,(anonymous_1)
FNF:2
FNH:1
FNDA:1,(anonymous_0)
FNDA:0,(anonymous_1)
DA:13,2
DA:15,1
DA:16,1
DA:17,1
DA:21,0
DA:23,0
DA:24,0
DA:27,0
DA:28,0
DA:31,0
DA:32,0
DA:33,0
DA:35,0
DA:37,0
DA:38,0
DA:40,0
LF:16
LH:4
BRDA:23,0,0,0
BRDA:27,1,0,0
BRF:2
BRH:0
end_of_record
TN:
SF:src/app/features/notes/validators/create-note.validator.ts
FN:3,(anonymous_0)
FNF:1
FNH:0
FNDA:0,(anonymous_0)
DA:3,1
DA:5,0
DA:7,0
DA:8,0
DA:14,0
DA:15,0
DA:21,0
LF:7
LH:1
BRDA:7,0,0,0
BRDA:14,1,0,0
BRF:2
BRH:0
end_of_record
TN:
SF:src/app/features/users/controllers/user.controller.ts
FN:13,(anonymous_0)
FN:33,(anonymous_1)
FN:49,(anonymous_2)
FN:66,(anonymous_3)
FN:95,(anonymous_4)
FN:110,(anonymous_5)
FNF:6
FNH:4
FNDA:2,(anonymous_0)
FNDA:1,(anonymous_1)
FNDA:0,(anonymous_2)
FNDA:1,(anonymous_3)
FNDA:1,(anonymous_4)
FNDA:0,(anonymous_5)
DA:2,1
DA:3,1
DA:4,1
DA:5,1
DA:6,1
DA:7,1
DA:8,1
DA:9,1
DA:10,1
DA:12,1
DA:14,2
DA:15,2
DA:16,2
DA:21,2
DA:26,1
DA:29,1
DA:34,1
DA:35,1
DA:40,1
DA:42,1
DA:45,0
DA:50,0
DA:51,0
DA:52,0
DA:57,0
DA:59,0
DA:62,0
DA:67,1
DA:68,1
DA:69,1
DA:70,1
DA:75,1
DA:81,1
DA:82,0
DA:88,1
DA:91,0
DA:96,1
DA:97,1
DA:98,1
DA:99,1
DA:101,1
DA:103,1
DA:106,0
DA:112,0
DA:114,0
DA:115,0
DA:119,0
DA:121,0
DA:122,0
DA:128,0
DA:132,0
LF:51
LH:33
BRDA:81,0,0,0
BRDA:121,1,0,0
BRF:2
BRH:0
end_of_record
TN:
SF:src/app/features/users/repositories/user.repository.ts
FN:16,(anonymous_0)
FN:23,(anonymous_1)
FN:26,(anonymous_2)
FN:33,(anonymous_3)
FN:43,(anonymous_4)
FN:51,(anonymous_5)
FN:64,(anonymous_6)
FN:79,(anonymous_7)
FN:85,(anonymous_8)
FNF:9
FNH:5
FNDA:2,(anonymous_0)
FNDA:2,(anonymous_1)
FNDA:2,(anonymous_2)
FNDA:0,(anonymous_3)
FNDA:1,(anonymous_4)
FNDA:0,(anonymous_5)
FNDA:0,(anonymous_6)
FNDA:1,(anonymous_7)
FNDA:0,(anonymous_8)
DA:1,12
DA:2,12
DA:3,12
DA:13,12
DA:14,21
DA:17,2
DA:24,2
DA:26,2
DA:27,2
DA:30,2
DA:34,0
DA:36,0
DA:37,0
DA:40,0
DA:44,1
DA:48,1
DA:52,0
DA:58,0
DA:59,0
DA:60,0
DA:65,0
DA:75,0
DA:81,1
DA:86,0
DA:88,0
DA:89,0
DA:92,0
LF:27
LH:13
BRDA:36,0,0,0
BRDA:75,1,0,0
BRDA:75,1,1,0
BRDA:88,2,0,0
BRF:4
BRH:0
end_of_record
TN:
SF:src/app/features/users/routes/user.routes.ts
FN:6,(anonymous_0)
FNF:1
FNH:1
FNDA:8,(anonymous_0)
DA:1,1
DA:2,1
DA:3,1
DA:4,1
DA:6,1
DA:8,8
DA:10,8
DA:11,8
DA:12,8
DA:13,8
DA:14,8
DA:15,8
DA:17,8
LF:13
LH:13
BRF:0
BRH:0
end_of_record
TN:
SF:src/app/features/users/usecases/create-user.usecase.ts
FN:11,(anonymous_0)
FN:15,(anonymous_1)
FNF:2
FNH:2
FNDA:4,(anonymous_0)
FNDA:2,(anonymous_1)
DA:1,2
DA:10,2
DA:12,4
DA:13,4
DA:16,2
DA:21,2
DA:23,2
DA:24,1
DA:27,1
DA:29,1
DA:31,1
LF:11
LH:11
BRDA:23,0,0,1
BRF:1
BRH:1
end_of_record
TN:
SF:src/app/features/users/usecases/delete-user.usecase.ts
FN:6,(anonymous_0)
FN:9,(anonymous_1)
FNF:2
FNH:2
FNDA:3,(anonymous_0)
FNDA:3,(anonymous_1)
DA:1,2
DA:2,2
DA:5,2
DA:7,3
DA:10,3
DA:11,3
DA:13,3
DA:14,1
DA:18,2
DA:19,2
DA:21,2
DA:22,1
DA:26,1
LF:13
LH:13
BRDA:13,0,0,1
BRDA:21,1,0,1
BRF:2
BRH:2
end_of_record
TN:
SF:src/app/features/users/usecases/get-user.usecase.ts
FN:9,(anonymous_0)
FN:13,(anonymous_1)
FNF:2
FNH:2
FNDA:2,(anonymous_0)
FNDA:2,(anonymous_1)
DA:8,2
DA:10,2
DA:11,2
DA:14,2
DA:16,2
DA:17,0
DA:20,2
DA:22,2
DA:23,1
DA:26,1
DA:28,1
DA:30,1
LF:12
LH:11
BRDA:16,0,0,0
BRDA:22,1,0,1
BRF:2
BRH:1
end_of_record
TN:
SF:src/app/features/users/usecases/list-user.usecase.ts
FN:5,(anonymous_0)
FN:9,(anonymous_1)
FN:17,(anonymous_2)
FNF:3
FNH:3
FNDA:2,(anonymous_0)
FNDA:2,(anonymous_1)
FNDA:2,(anonymous_2)
DA:4,2
DA:6,2
DA:7,2
DA:10,2
DA:12,2
DA:13,0
DA:16,2
DA:17,2
DA:19,2
LF:9
LH:8
BRDA:12,0,0,0
BRF:1
BRH:0
end_of_record
TN:
SF:src/app/features/users/usecases/login-user.usecase.ts
FN:5,(anonymous_0)
FN:8,(anonymous_1)
FNF:2
FNH:2
FNDA:3,(anonymous_0)
FNDA:3,(anonymous_1)
DA:4,2
DA:6,3
DA:10,3
DA:11,2
DA:13,2
LF:5
LH:5
BRF:0
BRH:0
end_of_record
TN:
SF:src/app/features/users/usecases/upadate-user.usecase.ts
FN:11,(anonymous_0)
FN:15,(anonymous_1)
FNF:2
FNH:2
FNDA:2,(anonymous_0)
FNDA:2,(anonymous_1)
DA:10,2
DA:12,2
DA:13,2
DA:16,2
DA:18,2
DA:19,0
DA:22,2
DA:23,2
DA:25,2
DA:27,2
LF:10
LH:9
BRDA:18,0,0,0
BRDA:22,1,0,2
BRDA:22,1,1,0
BRDA:23,2,0,2
BRDA:23,2,1,1
BRF:5
BRH:3
end_of_record
TN:
SF:src/app/features/users/validators/create-user.validator.ts
FN:3,(anonymous_0)
FNF:1
FNH:1
FNDA:4,(anonymous_0)
DA:3,1
DA:5,4
DA:7,4
DA:8,2
DA:14,2
DA:15,0
DA:21,2
LF:7
LH:6
BRDA:7,0,0,2
BRDA:14,1,0,0
BRF:2
BRH:1
end_of_record
TN:
SF:src/app/models/note.models.ts
FN:8,(anonymous_0)
FN:17,(anonymous_1)
FN:21,(anonymous_2)
FN:25,(anonymous_3)
FN:29,(anonymous_4)
FN:33,(anonymous_5)
FN:37,(anonymous_6)
FN:41,(anonymous_7)
FN:45,(anonymous_8)
FN:49,(anonymous_9)
FN:59,(anonymous_10)
FNF:11
FNH:4
FNDA:6,(anonymous_0)
FNDA:0,(anonymous_1)
FNDA:0,(anonymous_2)
FNDA:1,(anonymous_3)
FNDA:5,(anonymous_4)
FNDA:0,(anonymous_5)
FNDA:0,(anonymous_6)
FNDA:0,(anonymous_7)
FNDA:0,(anonymous_8)
FNDA:4,(anonymous_9)
FNDA:0,(anonymous_10)
DA:1,7
DA:4,7
DA:9,6
DA:10,6
DA:11,6
DA:12,6
DA:14,6
DA:18,0
DA:22,0
DA:26,1
DA:30,5
DA:34,0
DA:38,0
DA:42,0
DA:46,0
DA:50,4
DA:66,0
DA:67,0
DA:69,0
LF:19
LH:10
BRDA:11,0,0,0
BRF:1
BRH:0
end_of_record
TN:
SF:src/app/models/user.models.ts
FN:6,(anonymous_0)
FN:13,(anonymous_1)
FN:17,(anonymous_2)
FN:21,(anonymous_3)
FN:25,(anonymous_4)
FN:29,(anonymous_5)
FN:33,(anonymous_6)
FN:41,(anonymous_7)
FNF:8
FNH:8
FNDA:16,(anonymous_0)
FNDA:10,(anonymous_1)
FNDA:2,(anonymous_2)
FNDA:3,(anonymous_3)
FNDA:3,(anonymous_4)
FNDA:3,(anonymous_5)
FNDA:5,(anonymous_6)
FNDA:2,(anonymous_7)
DA:1,12
DA:3,12
DA:7,16
DA:8,16
DA:10,16
DA:14,10
DA:18,2
DA:22,3
DA:26,3
DA:30,3
DA:34,5
DA:42,2
DA:43,2
DA:45,2
LF:14
LH:14
BRF:0
BRH:0
end_of_record
TN:
SF:src/app/shared/entities/note.entity.ts
FN:24,(anonymous_2)
FNF:1
FNH:1
FNDA:12,(anonymous_2)
DA:1,12
DA:2,12
DA:5,12
DA:7,12
DA:10,12
DA:13,12
DA:16,12
DA:17,12
DA:19,12
DA:24,12
LF:10
LH:10
BRF:0
BRH:0
end_of_record
TN:
SF:src/app/shared/entities/user.entity.ts
FN:16,(anonymous_2)
FN:16,(anonymous_3)
FNF:2
FNH:2
FNDA:12,(anonymous_2)
FNDA:12,(anonymous_3)
DA:1,12
DA:2,12
DA:5,12
DA:7,12
DA:10,12
DA:13,12
DA:16,12
LF:7
LH:7
BRF:0
BRH:0
end_of_record
TN:
SF:src/app/shared/middlewares/user.validator.middleware.ts
FN:4,(anonymous_0)
FNF:1
FNH:1
FNDA:3,(anonymous_0)
DA:2,1
DA:4,1
DA:5,3
DA:7,3
DA:8,3
DA:10,3
DA:11,1
DA:17,2
LF:8
LH:8
BRDA:10,0,0,1
BRF:1
BRH:1
end_of_record
TN:
SF:src/app/shared/repositories/SharedUserRepository.ts
FN:9,(anonymous_0)
FN:16,(anonymous_1)
FNF:2
FNH:1
FNDA:0,(anonymous_0)
FNDA:3,(anonymous_1)
DA:1,4
DA:2,4
DA:3,4
DA:5,4
DA:7,11
DA:10,0
DA:17,3
DA:19,3
DA:21,0
LF:9
LH:7
BRDA:19,0,0,3
BRF:1
BRH:1
end_of_record
TN:
SF:src/app/shared/repositories/cache.repository.ts
FN:6,(anonymous_0)
FN:15,(anonymous_1)
FN:19,(anonymous_2)
FNF:3
FNH:2
FNDA:4,(anonymous_0)
FNDA:1,(anonymous_1)
FNDA:0,(anonymous_2)
DA:1,7
DA:3,7
DA:4,12
DA:7,4
DA:8,4
DA:9,4
DA:12,0
DA:16,1
DA:20,0
LF:9
LH:7
BRDA:8,0,0,4
BRF:1
BRH:1
end_of_record
TN:
SF:src/app/shared/util/response.helper.ts
FN:3,(anonymous_0)
FN:10,(anonymous_1)
FN:18,(anonymous_2)
FNF:3
FNH:2
FNDA:1,(anonymous_0)
FNDA:4,(anonymous_1)
FNDA:0,(anonymous_2)
DA:3,1
DA:4,1
DA:10,1
DA:11,4
DA:18,1
DA:19,0
LF:6
LH:5
BRDA:11,0,0,4
BRDA:11,0,1,3
BRF:2
BRH:2
end_of_record
